-- Install configuration: ""
-- Execute custom install script
-- Up-to-date symlink: /home/ur10e/ur_ws/install/onrobot_2fg7_gripper_description/share/onrobot_2fg7_gripper_description/config/controller.yaml
-- Up-to-date symlink: /home/ur10e/ur_ws/install/onrobot_2fg7_gripper_description/share/onrobot_2fg7_gripper_description/launch/controller.launch
-- Up-to-date symlink: /home/ur10e/ur_ws/install/onrobot_2fg7_gripper_description/share/onrobot_2fg7_gripper_description/launch/controller.yaml
-- Up-to-date symlink: /home/ur10e/ur_ws/install/onrobot_2fg7_gripper_description/share/onrobot_2fg7_gripper_description/launch/display.launch
-- Up-to-date symlink: /home/ur10e/ur_ws/install/onrobot_2fg7_gripper_description/share/onrobot_2fg7_gripper_description/launch/display.launch.py
-- Up-to-date symlink: /home/ur10e/ur_ws/install/onrobot_2fg7_gripper_description/share/onrobot_2fg7_gripper_description/launch/gazebo.launch
-- Up-to-date symlink: /home/ur10e/ur_ws/install/onrobot_2fg7_gripper_description/share/onrobot_2fg7_gripper_description/launch/gazebo_control.launch
-- Up-to-date symlink: /home/ur10e/ur_ws/install/onrobot_2fg7_gripper_description/share/onrobot_2fg7_gripper_description/launch/gripper.rviz
-- Up-to-date symlink: /home/ur10e/ur_ws/install/onrobot_2fg7_gripper_description/share/onrobot_2fg7_gripper_description/launch/test_view.launch.py
-- Up-to-date symlink: /home/ur10e/ur_ws/install/onrobot_2fg7_gripper_description/share/onrobot_2fg7_gripper_description/launch/urdf.rviz
-- Up-to-date symlink: /home/ur10e/ur_ws/install/onrobot_2fg7_gripper_description/share/onrobot_2fg7_gripper_description/launch/view_gripper.launch.py
-- Up-to-date symlink: /home/ur10e/ur_ws/install/onrobot_2fg7_gripper_description/share/onrobot_2fg7_gripper_description/meshes/gripper_2fg7_base.stl
-- Up-to-date symlink: /home/ur10e/ur_ws/install/onrobot_2fg7_gripper_description/share/onrobot_2fg7_gripper_description/meshes/inwards/left_finger_link.stl
-- Up-to-date symlink: /home/ur10e/ur_ws/install/onrobot_2fg7_gripper_description/share/onrobot_2fg7_gripper_description/meshes/inwards/right_finger_link.stl
-- Up-to-date symlink: /home/ur10e/ur_ws/install/onrobot_2fg7_gripper_description/share/onrobot_2fg7_gripper_description/meshes/left_finger_link.stl
-- Up-to-date symlink: /home/ur10e/ur_ws/install/onrobot_2fg7_gripper_description/share/onrobot_2fg7_gripper_description/meshes/right_finger_link.stl
-- Up-to-date symlink: /home/ur10e/ur_ws/install/onrobot_2fg7_gripper_description/share/onrobot_2fg7_gripper_description/urdf/gzplugin_grasp_fix.urdf.xacro
-- Up-to-date symlink: /home/ur10e/ur_ws/install/onrobot_2fg7_gripper_description/share/onrobot_2fg7_gripper_description/urdf/materials.xacro
-- Up-to-date symlink: /home/ur10e/ur_ws/install/onrobot_2fg7_gripper_description/share/onrobot_2fg7_gripper_description/urdf/mimic_fix.urdf.xacro
-- Up-to-date symlink: /home/ur10e/ur_ws/install/onrobot_2fg7_gripper_description/share/onrobot_2fg7_gripper_description/urdf/onrobot_2fg7.gazebo
-- Up-to-date symlink: /home/ur10e/ur_ws/install/onrobot_2fg7_gripper_description/share/onrobot_2fg7_gripper_description/urdf/onrobot_2fg7.trans.xacro
-- Up-to-date symlink: /home/ur10e/ur_ws/install/onrobot_2fg7_gripper_description/share/onrobot_2fg7_gripper_description/urdf/onrobot_2fg7.xacro
-- Up-to-date symlink: /home/ur10e/ur_ws/install/onrobot_2fg7_gripper_description/share/onrobot_2fg7_gripper_description/urdf/onrobot_2fg7_upload.xacro
-- Up-to-date symlink: /home/ur10e/ur_ws/install/onrobot_2fg7_gripper_description/share/onrobot_2fg7_gripper_description/urdf/test_gripper.urdf.xacro
-- Up-to-date symlink: /home/ur10e/ur_ws/install/onrobot_2fg7_gripper_description/share/onrobot_2fg7_gripper_description/urdf/test_robot.urdf.xacro
-- Up-to-date symlink: /home/ur10e/ur_ws/install/onrobot_2fg7_gripper_description/share/onrobot_2fg7_gripper_description/urdf/test_xacro.py
-- Up-to-date symlink: /home/ur10e/ur_ws/install/onrobot_2fg7_gripper_description/share/ament_index/resource_index/package_run_dependencies/onrobot_2fg7_gripper_description
-- Up-to-date symlink: /home/ur10e/ur_ws/install/onrobot_2fg7_gripper_description/share/ament_index/resource_index/parent_prefix_path/onrobot_2fg7_gripper_description
-- Up-to-date symlink: /home/ur10e/ur_ws/install/onrobot_2fg7_gripper_description/share/onrobot_2fg7_gripper_description/environment/ament_prefix_path.sh
-- Up-to-date symlink: /home/ur10e/ur_ws/install/onrobot_2fg7_gripper_description/share/onrobot_2fg7_gripper_description/environment/ament_prefix_path.dsv
-- Up-to-date symlink: /home/ur10e/ur_ws/install/onrobot_2fg7_gripper_description/share/onrobot_2fg7_gripper_description/environment/path.sh
-- Up-to-date symlink: /home/ur10e/ur_ws/install/onrobot_2fg7_gripper_description/share/onrobot_2fg7_gripper_description/environment/path.dsv
-- Up-to-date symlink: /home/ur10e/ur_ws/install/onrobot_2fg7_gripper_description/share/onrobot_2fg7_gripper_description/local_setup.bash
-- Up-to-date symlink: /home/ur10e/ur_ws/install/onrobot_2fg7_gripper_description/share/onrobot_2fg7_gripper_description/local_setup.sh
-- Up-to-date symlink: /home/ur10e/ur_ws/install/onrobot_2fg7_gripper_description/share/onrobot_2fg7_gripper_description/local_setup.zsh
-- Up-to-date symlink: /home/ur10e/ur_ws/install/onrobot_2fg7_gripper_description/share/onrobot_2fg7_gripper_description/local_setup.dsv
-- Symlinking: /home/ur10e/ur_ws/install/onrobot_2fg7_gripper_description/share/onrobot_2fg7_gripper_description/package.dsv
-- Up-to-date symlink: /home/ur10e/ur_ws/install/onrobot_2fg7_gripper_description/share/ament_index/resource_index/packages/onrobot_2fg7_gripper_description
-- Up-to-date symlink: /home/ur10e/ur_ws/install/onrobot_2fg7_gripper_description/share/onrobot_2fg7_gripper_description/cmake/onrobot_2fg7_gripper_descriptionConfig.cmake
-- Up-to-date symlink: /home/ur10e/ur_ws/install/onrobot_2fg7_gripper_description/share/onrobot_2fg7_gripper_description/cmake/onrobot_2fg7_gripper_descriptionConfig-version.cmake
-- Up-to-date symlink: /home/ur10e/ur_ws/install/onrobot_2fg7_gripper_description/share/onrobot_2fg7_gripper_description/package.xml
