[0.021s] Invoking command in '/home/ur10e/ur_ws/build/ur_simulation_gazebo': CMAKE_PREFIX_PATH=/home/ur10e/ur_ws/install/ur_moveit_config:/home/ur10e/ur_ws/install/ur_controllers:/home/ur10e/ur_ws/install/ur_description:/home/ur10e/ur_ws/install/ur_dashboard_msgs:/home/ur10e/ur_ws/install/gazebo_ros2_control:/home/ur10e/install/ur_simulation_gazebo:/home/ur10e/install/ur:/home/ur10e/install/ur_calibration:/home/ur10e/install/ur_robot_driver:/home/ur10e/install/ur10e_2fg7_moveit_config2:/home/ur10e/install/gazebo_ros2_control_demos:/home/ur10e/install/gazebo_ros2_control:/home/ur10e/ur_ws/install/ur_simulation_gazebo:/home/ur10e/ur_ws/install/ur:/home/ur10e/ur_ws/install/ur_calibration:/home/ur10e/ur_ws/install/ur_robot_driver:/home/ur10e/ur_ws/install/ur_bringup:/home/ur10e/ur_ws/install/ur10e_2fg7_moveit_config2:/home/ur10e/ur_ws/install/ur10e_2fg7_description:/home/ur10e/ur_ws/install/onrobot_2fg7_gripper_description:/home/ur10e/ur_ws/install/gazebo_ros2_control_demos:/home/ur10e/install/ur_moveit_config:/home/ur10e/install/ur_bringup:/home/ur10e/install/ur10e_2fg7_description:/home/ur10e/install/ur_description:/home/ur10e/install/ur_controllers:/home/ur10e/install/ur_dashboard_msgs:/home/ur10e/install/onrobot_2fg7_gripper_description:/opt/ros/humble LD_LIBRARY_PATH=/home/ur10e/ur_ws/install/ur_controllers/lib:/home/ur10e/ur_ws/install/ur_dashboard_msgs/lib:/home/ur10e/ur_ws/install/gazebo_ros2_control/lib:/home/ur10e/install/ur_robot_driver/lib:/home/ur10e/install/gazebo_ros2_control/lib:/home/ur10e/ur_ws/install/ur_robot_driver/lib:/home/ur10e/install/ur_controllers/lib:/home/ur10e/install/ur_dashboard_msgs/lib:/usr/lib/x86_64-linux-gnu/gazebo-11/plugins:/opt/ros/humble/opt/rviz_ogre_vendor/lib:/opt/ros/humble/lib/x86_64-linux-gnu:/opt/ros/humble/lib:/usr/share/gazebo/../../lib/x86_64-linux-gnu/gazebo-11/plugins /usr/bin/cmake /home/ur10e/ur_ws/src/Universal_Robots_ROS2_Gazebo_Simulation/ur_simulation_gazebo -DAMENT_CMAKE_SYMLINK_INSTALL=1 -DCMAKE_INSTALL_PREFIX=/home/ur10e/ur_ws/install/ur_simulation_gazebo
[0.080s] -- The C compiler identification is GNU 11.4.0
[0.133s] -- The CXX compiler identification is GNU 11.4.0
[0.141s] -- Detecting C compiler ABI info
[0.233s] -- Detecting C compiler ABI info - done
[0.261s] -- Check for working C compiler: /usr/bin/cc - skipped
[0.261s] -- Detecting C compile features
[0.261s] -- Detecting C compile features - done
[0.265s] -- Detecting CXX compiler ABI info
[0.400s] -- Detecting CXX compiler ABI info - done
[0.424s] -- Check for working CXX compiler: /usr/bin/c++ - skipped
[0.425s] -- Detecting CXX compile features
[0.425s] -- Detecting CXX compile features - done
[0.438s] -- Found ament_cmake: 1.3.10 (/opt/ros/humble/share/ament_cmake/cmake)
[0.829s] -- Found Python3: /usr/bin/python3 (found version "3.10.12") found components: Interpreter 
[1.052s] -- Override CMake install command with custom implementation using symlinks instead of copying resources
[1.173s] -- Found launch_testing_ament_cmake: 1.0.6 (/opt/ros/humble/share/launch_testing_ament_cmake/cmake)
[1.180s] -- Found python_cmake_module: 0.10.0 (/opt/ros/humble/share/python_cmake_module/cmake)
[1.228s] -- Found PythonInterp: /usr/bin/python3 (found suitable version "3.10.12", minimum required is "3.6") 
[1.246s] -- Found PythonLibs: /usr/lib/x86_64-linux-gnu/libpython3.10.so (found suitable version "3.10.12", minimum required is "3.5") 
[1.246s] -- Using PYTHON_EXECUTABLE: /usr/bin/python3
[1.246s] -- Using PYTHON_INCLUDE_DIRS: /usr/include/python3.10
[1.247s] -- Using PYTHON_LIBRARIES: /usr/lib/x86_64-linux-gnu/libpython3.10.so
[1.273s] -- Found PythonExtra: .so  
[1.274s] -- Found ament_cmake_pytest: 1.3.10 (/opt/ros/humble/share/ament_cmake_pytest/cmake)
[1.346s] -- Configuring done
[1.346s] -- Generating done
[1.346s] -- Build files have been written to: /home/ur10e/ur_ws/build/ur_simulation_gazebo
[1.357s] Invoked command in '/home/ur10e/ur_ws/build/ur_simulation_gazebo' returned '0': CMAKE_PREFIX_PATH=/home/ur10e/ur_ws/install/ur_moveit_config:/home/ur10e/ur_ws/install/ur_controllers:/home/ur10e/ur_ws/install/ur_description:/home/ur10e/ur_ws/install/ur_dashboard_msgs:/home/ur10e/ur_ws/install/gazebo_ros2_control:/home/ur10e/install/ur_simulation_gazebo:/home/ur10e/install/ur:/home/ur10e/install/ur_calibration:/home/ur10e/install/ur_robot_driver:/home/ur10e/install/ur10e_2fg7_moveit_config2:/home/ur10e/install/gazebo_ros2_control_demos:/home/ur10e/install/gazebo_ros2_control:/home/ur10e/ur_ws/install/ur_simulation_gazebo:/home/ur10e/ur_ws/install/ur:/home/ur10e/ur_ws/install/ur_calibration:/home/ur10e/ur_ws/install/ur_robot_driver:/home/ur10e/ur_ws/install/ur_bringup:/home/ur10e/ur_ws/install/ur10e_2fg7_moveit_config2:/home/ur10e/ur_ws/install/ur10e_2fg7_description:/home/ur10e/ur_ws/install/onrobot_2fg7_gripper_description:/home/ur10e/ur_ws/install/gazebo_ros2_control_demos:/home/ur10e/install/ur_moveit_config:/home/ur10e/install/ur_bringup:/home/ur10e/install/ur10e_2fg7_description:/home/ur10e/install/ur_description:/home/ur10e/install/ur_controllers:/home/ur10e/install/ur_dashboard_msgs:/home/ur10e/install/onrobot_2fg7_gripper_description:/opt/ros/humble LD_LIBRARY_PATH=/home/ur10e/ur_ws/install/ur_controllers/lib:/home/ur10e/ur_ws/install/ur_dashboard_msgs/lib:/home/ur10e/ur_ws/install/gazebo_ros2_control/lib:/home/ur10e/install/ur_robot_driver/lib:/home/ur10e/install/gazebo_ros2_control/lib:/home/ur10e/ur_ws/install/ur_robot_driver/lib:/home/ur10e/install/ur_controllers/lib:/home/ur10e/install/ur_dashboard_msgs/lib:/usr/lib/x86_64-linux-gnu/gazebo-11/plugins:/opt/ros/humble/opt/rviz_ogre_vendor/lib:/opt/ros/humble/lib/x86_64-linux-gnu:/opt/ros/humble/lib:/usr/share/gazebo/../../lib/x86_64-linux-gnu/gazebo-11/plugins /usr/bin/cmake /home/ur10e/ur_ws/src/Universal_Robots_ROS2_Gazebo_Simulation/ur_simulation_gazebo -DAMENT_CMAKE_SYMLINK_INSTALL=1 -DCMAKE_INSTALL_PREFIX=/home/ur10e/ur_ws/install/ur_simulation_gazebo
[1.357s] Invoking command in '/home/ur10e/ur_ws/build/ur_simulation_gazebo': CMAKE_PREFIX_PATH=/home/ur10e/ur_ws/install/ur_moveit_config:/home/ur10e/ur_ws/install/ur_controllers:/home/ur10e/ur_ws/install/ur_description:/home/ur10e/ur_ws/install/ur_dashboard_msgs:/home/ur10e/ur_ws/install/gazebo_ros2_control:/home/ur10e/install/ur_simulation_gazebo:/home/ur10e/install/ur:/home/ur10e/install/ur_calibration:/home/ur10e/install/ur_robot_driver:/home/ur10e/install/ur10e_2fg7_moveit_config2:/home/ur10e/install/gazebo_ros2_control_demos:/home/ur10e/install/gazebo_ros2_control:/home/ur10e/ur_ws/install/ur_simulation_gazebo:/home/ur10e/ur_ws/install/ur:/home/ur10e/ur_ws/install/ur_calibration:/home/ur10e/ur_ws/install/ur_robot_driver:/home/ur10e/ur_ws/install/ur_bringup:/home/ur10e/ur_ws/install/ur10e_2fg7_moveit_config2:/home/ur10e/ur_ws/install/ur10e_2fg7_description:/home/ur10e/ur_ws/install/onrobot_2fg7_gripper_description:/home/ur10e/ur_ws/install/gazebo_ros2_control_demos:/home/ur10e/install/ur_moveit_config:/home/ur10e/install/ur_bringup:/home/ur10e/install/ur10e_2fg7_description:/home/ur10e/install/ur_description:/home/ur10e/install/ur_controllers:/home/ur10e/install/ur_dashboard_msgs:/home/ur10e/install/onrobot_2fg7_gripper_description:/opt/ros/humble LD_LIBRARY_PATH=/home/ur10e/ur_ws/install/ur_controllers/lib:/home/ur10e/ur_ws/install/ur_dashboard_msgs/lib:/home/ur10e/ur_ws/install/gazebo_ros2_control/lib:/home/ur10e/install/ur_robot_driver/lib:/home/ur10e/install/gazebo_ros2_control/lib:/home/ur10e/ur_ws/install/ur_robot_driver/lib:/home/ur10e/install/ur_controllers/lib:/home/ur10e/install/ur_dashboard_msgs/lib:/usr/lib/x86_64-linux-gnu/gazebo-11/plugins:/opt/ros/humble/opt/rviz_ogre_vendor/lib:/opt/ros/humble/lib/x86_64-linux-gnu:/opt/ros/humble/lib:/usr/share/gazebo/../../lib/x86_64-linux-gnu/gazebo-11/plugins /usr/bin/cmake --build /home/ur10e/ur_ws/build/ur_simulation_gazebo -- -j8 -l8
[1.435s] Invoked command in '/home/ur10e/ur_ws/build/ur_simulation_gazebo' returned '0': CMAKE_PREFIX_PATH=/home/ur10e/ur_ws/install/ur_moveit_config:/home/ur10e/ur_ws/install/ur_controllers:/home/ur10e/ur_ws/install/ur_description:/home/ur10e/ur_ws/install/ur_dashboard_msgs:/home/ur10e/ur_ws/install/gazebo_ros2_control:/home/ur10e/install/ur_simulation_gazebo:/home/ur10e/install/ur:/home/ur10e/install/ur_calibration:/home/ur10e/install/ur_robot_driver:/home/ur10e/install/ur10e_2fg7_moveit_config2:/home/ur10e/install/gazebo_ros2_control_demos:/home/ur10e/install/gazebo_ros2_control:/home/ur10e/ur_ws/install/ur_simulation_gazebo:/home/ur10e/ur_ws/install/ur:/home/ur10e/ur_ws/install/ur_calibration:/home/ur10e/ur_ws/install/ur_robot_driver:/home/ur10e/ur_ws/install/ur_bringup:/home/ur10e/ur_ws/install/ur10e_2fg7_moveit_config2:/home/ur10e/ur_ws/install/ur10e_2fg7_description:/home/ur10e/ur_ws/install/onrobot_2fg7_gripper_description:/home/ur10e/ur_ws/install/gazebo_ros2_control_demos:/home/ur10e/install/ur_moveit_config:/home/ur10e/install/ur_bringup:/home/ur10e/install/ur10e_2fg7_description:/home/ur10e/install/ur_description:/home/ur10e/install/ur_controllers:/home/ur10e/install/ur_dashboard_msgs:/home/ur10e/install/onrobot_2fg7_gripper_description:/opt/ros/humble LD_LIBRARY_PATH=/home/ur10e/ur_ws/install/ur_controllers/lib:/home/ur10e/ur_ws/install/ur_dashboard_msgs/lib:/home/ur10e/ur_ws/install/gazebo_ros2_control/lib:/home/ur10e/install/ur_robot_driver/lib:/home/ur10e/install/gazebo_ros2_control/lib:/home/ur10e/ur_ws/install/ur_robot_driver/lib:/home/ur10e/install/ur_controllers/lib:/home/ur10e/install/ur_dashboard_msgs/lib:/usr/lib/x86_64-linux-gnu/gazebo-11/plugins:/opt/ros/humble/opt/rviz_ogre_vendor/lib:/opt/ros/humble/lib/x86_64-linux-gnu:/opt/ros/humble/lib:/usr/share/gazebo/../../lib/x86_64-linux-gnu/gazebo-11/plugins /usr/bin/cmake --build /home/ur10e/ur_ws/build/ur_simulation_gazebo -- -j8 -l8
[1.495s] Invoking command in '/home/ur10e/ur_ws/build/ur_simulation_gazebo': CMAKE_PREFIX_PATH=/home/ur10e/ur_ws/install/ur_moveit_config:/home/ur10e/ur_ws/install/ur_controllers:/home/ur10e/ur_ws/install/ur_description:/home/ur10e/ur_ws/install/ur_dashboard_msgs:/home/ur10e/ur_ws/install/gazebo_ros2_control:/home/ur10e/install/ur_simulation_gazebo:/home/ur10e/install/ur:/home/ur10e/install/ur_calibration:/home/ur10e/install/ur_robot_driver:/home/ur10e/install/ur10e_2fg7_moveit_config2:/home/ur10e/install/gazebo_ros2_control_demos:/home/ur10e/install/gazebo_ros2_control:/home/ur10e/ur_ws/install/ur_simulation_gazebo:/home/ur10e/ur_ws/install/ur:/home/ur10e/ur_ws/install/ur_calibration:/home/ur10e/ur_ws/install/ur_robot_driver:/home/ur10e/ur_ws/install/ur_bringup:/home/ur10e/ur_ws/install/ur10e_2fg7_moveit_config2:/home/ur10e/ur_ws/install/ur10e_2fg7_description:/home/ur10e/ur_ws/install/onrobot_2fg7_gripper_description:/home/ur10e/ur_ws/install/gazebo_ros2_control_demos:/home/ur10e/install/ur_moveit_config:/home/ur10e/install/ur_bringup:/home/ur10e/install/ur10e_2fg7_description:/home/ur10e/install/ur_description:/home/ur10e/install/ur_controllers:/home/ur10e/install/ur_dashboard_msgs:/home/ur10e/install/onrobot_2fg7_gripper_description:/opt/ros/humble LD_LIBRARY_PATH=/home/ur10e/ur_ws/install/ur_controllers/lib:/home/ur10e/ur_ws/install/ur_dashboard_msgs/lib:/home/ur10e/ur_ws/install/gazebo_ros2_control/lib:/home/ur10e/install/ur_robot_driver/lib:/home/ur10e/install/gazebo_ros2_control/lib:/home/ur10e/ur_ws/install/ur_robot_driver/lib:/home/ur10e/install/ur_controllers/lib:/home/ur10e/install/ur_dashboard_msgs/lib:/usr/lib/x86_64-linux-gnu/gazebo-11/plugins:/opt/ros/humble/opt/rviz_ogre_vendor/lib:/opt/ros/humble/lib/x86_64-linux-gnu:/opt/ros/humble/lib:/usr/share/gazebo/../../lib/x86_64-linux-gnu/gazebo-11/plugins /usr/bin/cmake --install /home/ur10e/ur_ws/build/ur_simulation_gazebo
[1.503s] -- Install configuration: ""
[1.504s] -- Execute custom install script
[1.504s] -- Symlinking: /home/ur10e/ur_ws/install/ur_simulation_gazebo/share/ur_simulation_gazebo/config/gazebo_performance.yaml
[1.519s] -- Symlinking: /home/ur10e/ur_ws/install/ur_simulation_gazebo/share/ur_simulation_gazebo/config/ur_controllers.yaml
[1.524s] -- Symlinking: /home/ur10e/ur_ws/install/ur_simulation_gazebo/share/ur_simulation_gazebo/launch/ur_sim_control.launch.py
[1.532s] -- Symlinking: /home/ur10e/ur_ws/install/ur_simulation_gazebo/share/ur_simulation_gazebo/launch/ur_sim_moveit.launch.py
[1.543s] -- Symlinking: /home/ur10e/ur_ws/install/ur_simulation_gazebo/share/ament_index/resource_index/package_run_dependencies/ur_simulation_gazebo
[1.550s] -- Symlinking: /home/ur10e/ur_ws/install/ur_simulation_gazebo/share/ament_index/resource_index/parent_prefix_path/ur_simulation_gazebo
[1.560s] -- Symlinking: /home/ur10e/ur_ws/install/ur_simulation_gazebo/share/ur_simulation_gazebo/environment/ament_prefix_path.sh
[1.570s] -- Symlinking: /home/ur10e/ur_ws/install/ur_simulation_gazebo/share/ur_simulation_gazebo/environment/ament_prefix_path.dsv
[1.582s] -- Symlinking: /home/ur10e/ur_ws/install/ur_simulation_gazebo/share/ur_simulation_gazebo/environment/path.sh
[1.590s] -- Symlinking: /home/ur10e/ur_ws/install/ur_simulation_gazebo/share/ur_simulation_gazebo/environment/path.dsv
[1.598s] -- Symlinking: /home/ur10e/ur_ws/install/ur_simulation_gazebo/share/ur_simulation_gazebo/local_setup.bash
[1.606s] -- Symlinking: /home/ur10e/ur_ws/install/ur_simulation_gazebo/share/ur_simulation_gazebo/local_setup.sh
[1.616s] -- Symlinking: /home/ur10e/ur_ws/install/ur_simulation_gazebo/share/ur_simulation_gazebo/local_setup.zsh
[1.625s] -- Symlinking: /home/ur10e/ur_ws/install/ur_simulation_gazebo/share/ur_simulation_gazebo/local_setup.dsv
[1.639s] -- Symlinking: /home/ur10e/ur_ws/install/ur_simulation_gazebo/share/ur_simulation_gazebo/package.dsv
[1.646s] -- Symlinking: /home/ur10e/ur_ws/install/ur_simulation_gazebo/share/ament_index/resource_index/packages/ur_simulation_gazebo
[1.666s] -- Symlinking: /home/ur10e/ur_ws/install/ur_simulation_gazebo/share/ur_simulation_gazebo/cmake/ur_simulation_gazeboConfig.cmake
[1.668s] -- Symlinking: /home/ur10e/ur_ws/install/ur_simulation_gazebo/share/ur_simulation_gazebo/cmake/ur_simulation_gazeboConfig-version.cmake
[1.672s] -- Symlinking: /home/ur10e/ur_ws/install/ur_simulation_gazebo/share/ur_simulation_gazebo/package.xml
[1.684s] Invoked command in '/home/ur10e/ur_ws/build/ur_simulation_gazebo' returned '0': CMAKE_PREFIX_PATH=/home/ur10e/ur_ws/install/ur_moveit_config:/home/ur10e/ur_ws/install/ur_controllers:/home/ur10e/ur_ws/install/ur_description:/home/ur10e/ur_ws/install/ur_dashboard_msgs:/home/ur10e/ur_ws/install/gazebo_ros2_control:/home/ur10e/install/ur_simulation_gazebo:/home/ur10e/install/ur:/home/ur10e/install/ur_calibration:/home/ur10e/install/ur_robot_driver:/home/ur10e/install/ur10e_2fg7_moveit_config2:/home/ur10e/install/gazebo_ros2_control_demos:/home/ur10e/install/gazebo_ros2_control:/home/ur10e/ur_ws/install/ur_simulation_gazebo:/home/ur10e/ur_ws/install/ur:/home/ur10e/ur_ws/install/ur_calibration:/home/ur10e/ur_ws/install/ur_robot_driver:/home/ur10e/ur_ws/install/ur_bringup:/home/ur10e/ur_ws/install/ur10e_2fg7_moveit_config2:/home/ur10e/ur_ws/install/ur10e_2fg7_description:/home/ur10e/ur_ws/install/onrobot_2fg7_gripper_description:/home/ur10e/ur_ws/install/gazebo_ros2_control_demos:/home/ur10e/install/ur_moveit_config:/home/ur10e/install/ur_bringup:/home/ur10e/install/ur10e_2fg7_description:/home/ur10e/install/ur_description:/home/ur10e/install/ur_controllers:/home/ur10e/install/ur_dashboard_msgs:/home/ur10e/install/onrobot_2fg7_gripper_description:/opt/ros/humble LD_LIBRARY_PATH=/home/ur10e/ur_ws/install/ur_controllers/lib:/home/ur10e/ur_ws/install/ur_dashboard_msgs/lib:/home/ur10e/ur_ws/install/gazebo_ros2_control/lib:/home/ur10e/install/ur_robot_driver/lib:/home/ur10e/install/gazebo_ros2_control/lib:/home/ur10e/ur_ws/install/ur_robot_driver/lib:/home/ur10e/install/ur_controllers/lib:/home/ur10e/install/ur_dashboard_msgs/lib:/usr/lib/x86_64-linux-gnu/gazebo-11/plugins:/opt/ros/humble/opt/rviz_ogre_vendor/lib:/opt/ros/humble/lib/x86_64-linux-gnu:/opt/ros/humble/lib:/usr/share/gazebo/../../lib/x86_64-linux-gnu/gazebo-11/plugins /usr/bin/cmake --install /home/ur10e/ur_ws/build/ur_simulation_gazebo
