[  7%] [32mBuilding CXX object CMakeFiles/example_velocity.dir/examples/example_velocity.cpp.o[0m
[ 14%] [32mBuilding CXX object CMakeFiles/example_gripper.dir/examples/example_gripper.cpp.o[0m
[ 21%] [32mBuilding CXX object CMakeFiles/example_position.dir/examples/example_position.cpp.o[0m
[ 35%] [32mBuilding CXX object CMakeFiles/example_tricycle_drive.dir/examples/example_tricycle_drive.cpp.o[0m
[ 35%] [32mBuilding CXX object CMakeFiles/example_position_pid.dir/examples/example_position_pid.cpp.o[0m
[ 42%] [32mBuilding CXX object CMakeFiles/example_diff_drive.dir/examples/example_diff_drive.cpp.o[0m
[ 50%] [32mBuilding CXX object CMakeFiles/example_effort.dir/examples/example_effort.cpp.o[0m
[ 57%] [32m[1mLinking CXX executable example_velocity[0m
[ 64%] [32m[1mLinking CXX executable example_gripper[0m
[ 64%] Built target example_gripper
[ 64%] Built target example_velocity
[ 71%] [32m[1mLinking CXX executable example_position_pid[0m
[ 78%] [32m[1mLinking CXX executable example_diff_drive[0m
[ 85%] [32m[1mLinking CXX executable example_effort[0m
[ 92%] [32m[1mLinking CXX executable example_tricycle_drive[0m
[ 92%] Built target example_position_pid
[ 92%] Built target example_diff_drive
[ 92%] Built target example_effort
[ 92%] Built target example_tricycle_drive
[100%] [32m[1mLinking CXX executable example_position[0m
[100%] Built target example_position
-- Install configuration: ""
-- Execute custom install script
-- Symlinking: /home/ur10e/ur_ws/install/gazebo_ros2_control_demos/share/gazebo_ros2_control_demos//launch/cart_example_effort.launch.py
-- Symlinking: /home/ur10e/ur_ws/install/gazebo_ros2_control_demos/share/gazebo_ros2_control_demos//launch/cart_example_position.launch.py
-- Symlinking: /home/ur10e/ur_ws/install/gazebo_ros2_control_demos/share/gazebo_ros2_control_demos//launch/cart_example_velocity.launch.py
-- Symlinking: /home/ur10e/ur_ws/install/gazebo_ros2_control_demos/share/gazebo_ros2_control_demos//launch/diff_drive.launch.py
-- Symlinking: /home/ur10e/ur_ws/install/gazebo_ros2_control_demos/share/gazebo_ros2_control_demos//launch/gripper_mimic_joint_example.launch.py
-- Symlinking: /home/ur10e/ur_ws/install/gazebo_ros2_control_demos/share/gazebo_ros2_control_demos//launch/pendulum_example_effort.launch.py
-- Symlinking: /home/ur10e/ur_ws/install/gazebo_ros2_control_demos/share/gazebo_ros2_control_demos//launch/pendulum_example_position.launch.py
-- Symlinking: /home/ur10e/ur_ws/install/gazebo_ros2_control_demos/share/gazebo_ros2_control_demos//launch/tricycle_drive.launch.py
-- Symlinking: /home/ur10e/ur_ws/install/gazebo_ros2_control_demos/share/gazebo_ros2_control_demos//launch/vertical_cart_example_position_pid.launch.py
-- Symlinking: /home/ur10e/ur_ws/install/gazebo_ros2_control_demos/share/gazebo_ros2_control_demos//launch/vertical_cart_example_position_pids_in_yaml.launch.py
-- Symlinking: /home/ur10e/ur_ws/install/gazebo_ros2_control_demos/share/gazebo_ros2_control_demos//launch/vertical_cart_example_velocity_pid.launch.py
-- Symlinking: /home/ur10e/ur_ws/install/gazebo_ros2_control_demos/share/gazebo_ros2_control_demos//config/cart_controller.yaml
-- Symlinking: /home/ur10e/ur_ws/install/gazebo_ros2_control_demos/share/gazebo_ros2_control_demos//config/cart_controller_effort.yaml
-- Symlinking: /home/ur10e/ur_ws/install/gazebo_ros2_control_demos/share/gazebo_ros2_control_demos//config/cart_controller_position.yaml
-- Symlinking: /home/ur10e/ur_ws/install/gazebo_ros2_control_demos/share/gazebo_ros2_control_demos//config/cart_controller_position_with_pids.yaml
-- Symlinking: /home/ur10e/ur_ws/install/gazebo_ros2_control_demos/share/gazebo_ros2_control_demos//config/cart_controller_velocity.yaml
-- Symlinking: /home/ur10e/ur_ws/install/gazebo_ros2_control_demos/share/gazebo_ros2_control_demos//config/config.rviz
-- Symlinking: /home/ur10e/ur_ws/install/gazebo_ros2_control_demos/share/gazebo_ros2_control_demos//config/diff_drive_controller.yaml
-- Symlinking: /home/ur10e/ur_ws/install/gazebo_ros2_control_demos/share/gazebo_ros2_control_demos//config/gripper_controller.yaml
-- Symlinking: /home/ur10e/ur_ws/install/gazebo_ros2_control_demos/share/gazebo_ros2_control_demos//config/tricycle_drive_controller.yaml
-- Symlinking: /home/ur10e/ur_ws/install/gazebo_ros2_control_demos/share/gazebo_ros2_control_demos//urdf/test_cart_effort.xacro.urdf
-- Symlinking: /home/ur10e/ur_ws/install/gazebo_ros2_control_demos/share/gazebo_ros2_control_demos//urdf/test_cart_position.xacro.urdf
-- Symlinking: /home/ur10e/ur_ws/install/gazebo_ros2_control_demos/share/gazebo_ros2_control_demos//urdf/test_cart_velocity.xacro.urdf
-- Symlinking: /home/ur10e/ur_ws/install/gazebo_ros2_control_demos/share/gazebo_ros2_control_demos//urdf/test_diff_drive.xacro.urdf
-- Symlinking: /home/ur10e/ur_ws/install/gazebo_ros2_control_demos/share/gazebo_ros2_control_demos//urdf/test_gripper_mimic_joint.xacro.urdf
-- Symlinking: /home/ur10e/ur_ws/install/gazebo_ros2_control_demos/share/gazebo_ros2_control_demos//urdf/test_pendulum_effort.xacro.urdf
-- Symlinking: /home/ur10e/ur_ws/install/gazebo_ros2_control_demos/share/gazebo_ros2_control_demos//urdf/test_pendulum_position.xacro.urdf
-- Symlinking: /home/ur10e/ur_ws/install/gazebo_ros2_control_demos/share/gazebo_ros2_control_demos//urdf/test_tricycle_drive.xacro.urdf
-- Symlinking: /home/ur10e/ur_ws/install/gazebo_ros2_control_demos/share/gazebo_ros2_control_demos//urdf/test_vertical_cart_position_pid.xacro.urdf
-- Symlinking: /home/ur10e/ur_ws/install/gazebo_ros2_control_demos/share/gazebo_ros2_control_demos//urdf/test_vertical_cart_position_pids_in_yaml.xacro.urdf
-- Symlinking: /home/ur10e/ur_ws/install/gazebo_ros2_control_demos/share/gazebo_ros2_control_demos//urdf/test_vertical_cart_velocity_pid.xacro.urdf
-- Symlinking: /home/ur10e/ur_ws/install/gazebo_ros2_control_demos/lib/gazebo_ros2_control_demos/example_position
-- Symlinking: /home/ur10e/ur_ws/install/gazebo_ros2_control_demos/lib/gazebo_ros2_control_demos/example_position_pid
-- Symlinking: /home/ur10e/ur_ws/install/gazebo_ros2_control_demos/lib/gazebo_ros2_control_demos/example_velocity
-- Symlinking: /home/ur10e/ur_ws/install/gazebo_ros2_control_demos/lib/gazebo_ros2_control_demos/example_effort
-- Symlinking: /home/ur10e/ur_ws/install/gazebo_ros2_control_demos/lib/gazebo_ros2_control_demos/example_diff_drive
-- Symlinking: /home/ur10e/ur_ws/install/gazebo_ros2_control_demos/lib/gazebo_ros2_control_demos/example_tricycle_drive
-- Symlinking: /home/ur10e/ur_ws/install/gazebo_ros2_control_demos/lib/gazebo_ros2_control_demos/example_gripper
-- Symlinking: /home/ur10e/ur_ws/install/gazebo_ros2_control_demos/share/ament_index/resource_index/package_run_dependencies/gazebo_ros2_control_demos
-- Symlinking: /home/ur10e/ur_ws/install/gazebo_ros2_control_demos/share/ament_index/resource_index/parent_prefix_path/gazebo_ros2_control_demos
-- Symlinking: /home/ur10e/ur_ws/install/gazebo_ros2_control_demos/share/gazebo_ros2_control_demos/environment/ament_prefix_path.sh
-- Symlinking: /home/ur10e/ur_ws/install/gazebo_ros2_control_demos/share/gazebo_ros2_control_demos/environment/ament_prefix_path.dsv
-- Symlinking: /home/ur10e/ur_ws/install/gazebo_ros2_control_demos/share/gazebo_ros2_control_demos/environment/path.sh
-- Symlinking: /home/ur10e/ur_ws/install/gazebo_ros2_control_demos/share/gazebo_ros2_control_demos/environment/path.dsv
-- Symlinking: /home/ur10e/ur_ws/install/gazebo_ros2_control_demos/share/gazebo_ros2_control_demos/local_setup.bash
-- Symlinking: /home/ur10e/ur_ws/install/gazebo_ros2_control_demos/share/gazebo_ros2_control_demos/local_setup.sh
-- Symlinking: /home/ur10e/ur_ws/install/gazebo_ros2_control_demos/share/gazebo_ros2_control_demos/local_setup.zsh
-- Symlinking: /home/ur10e/ur_ws/install/gazebo_ros2_control_demos/share/gazebo_ros2_control_demos/local_setup.dsv
-- Symlinking: /home/ur10e/ur_ws/install/gazebo_ros2_control_demos/share/gazebo_ros2_control_demos/package.dsv
-- Symlinking: /home/ur10e/ur_ws/install/gazebo_ros2_control_demos/share/ament_index/resource_index/packages/gazebo_ros2_control_demos
-- Symlinking: /home/ur10e/ur_ws/install/gazebo_ros2_control_demos/share/gazebo_ros2_control_demos/cmake/gazebo_ros2_control_demosConfig.cmake
-- Symlinking: /home/ur10e/ur_ws/install/gazebo_ros2_control_demos/share/gazebo_ros2_control_demos/cmake/gazebo_ros2_control_demosConfig-version.cmake
-- Symlinking: /home/ur10e/ur_ws/install/gazebo_ros2_control_demos/share/gazebo_ros2_control_demos/package.xml
