[0.006s] Invoking command in '/home/ur10e/ur_ws/build/ur_moveit_config': CMAKE_PREFIX_PATH=/home/ur10e/ur_ws/install/ur_description:/home/ur10e/install/ur_simulation_gazebo:/home/ur10e/install/ur:/home/ur10e/install/ur_calibration:/home/ur10e/install/ur_robot_driver:/home/ur10e/install/ur10e_2fg7_moveit_config2:/home/ur10e/install/gazebo_ros2_control_demos:/home/ur10e/install/gazebo_ros2_control:/home/ur10e/ur_ws/install/ur_simulation_gazebo:/home/ur10e/ur_ws/install/ur:/home/ur10e/ur_ws/install/ur_calibration:/home/ur10e/ur_ws/install/ur_robot_driver:/home/ur10e/ur_ws/install/ur_moveit_config:/home/ur10e/ur_ws/install/ur_bringup:/home/ur10e/ur_ws/install/ur10e_2fg7_moveit_config2:/home/ur10e/ur_ws/install/ur10e_2fg7_description:/home/ur10e/ur_ws/install/ur_controllers:/home/ur10e/ur_ws/install/ur_dashboard_msgs:/home/ur10e/ur_ws/install/onrobot_2fg7_gripper_description:/home/ur10e/ur_ws/install/gazebo_ros2_control_demos:/home/ur10e/ur_ws/install/gazebo_ros2_control:/home/ur10e/install/ur_moveit_config:/home/ur10e/install/ur_bringup:/home/ur10e/install/ur10e_2fg7_description:/home/ur10e/install/ur_description:/home/ur10e/install/ur_controllers:/home/ur10e/install/ur_dashboard_msgs:/home/ur10e/install/onrobot_2fg7_gripper_description:/opt/ros/humble /usr/bin/cmake --build /home/ur10e/ur_ws/build/ur_moveit_config -- -j8 -l8
[0.073s] Built target ament_cmake_python_symlink_ur_moveit_config
[0.288s] running egg_info
[0.289s] writing ur_moveit_config.egg-info/PKG-INFO
[0.289s] writing dependency_links to ur_moveit_config.egg-info/dependency_links.txt
[0.290s] writing top-level names to ur_moveit_config.egg-info/top_level.txt
[0.292s] reading manifest file 'ur_moveit_config.egg-info/SOURCES.txt'
[0.294s] writing manifest file 'ur_moveit_config.egg-info/SOURCES.txt'
[0.316s] Built target ament_cmake_python_build_ur_moveit_config_egg
[0.327s] Invoked command in '/home/ur10e/ur_ws/build/ur_moveit_config' returned '0': CMAKE_PREFIX_PATH=/home/ur10e/ur_ws/install/ur_description:/home/ur10e/install/ur_simulation_gazebo:/home/ur10e/install/ur:/home/ur10e/install/ur_calibration:/home/ur10e/install/ur_robot_driver:/home/ur10e/install/ur10e_2fg7_moveit_config2:/home/ur10e/install/gazebo_ros2_control_demos:/home/ur10e/install/gazebo_ros2_control:/home/ur10e/ur_ws/install/ur_simulation_gazebo:/home/ur10e/ur_ws/install/ur:/home/ur10e/ur_ws/install/ur_calibration:/home/ur10e/ur_ws/install/ur_robot_driver:/home/ur10e/ur_ws/install/ur_moveit_config:/home/ur10e/ur_ws/install/ur_bringup:/home/ur10e/ur_ws/install/ur10e_2fg7_moveit_config2:/home/ur10e/ur_ws/install/ur10e_2fg7_description:/home/ur10e/ur_ws/install/ur_controllers:/home/ur10e/ur_ws/install/ur_dashboard_msgs:/home/ur10e/ur_ws/install/onrobot_2fg7_gripper_description:/home/ur10e/ur_ws/install/gazebo_ros2_control_demos:/home/ur10e/ur_ws/install/gazebo_ros2_control:/home/ur10e/install/ur_moveit_config:/home/ur10e/install/ur_bringup:/home/ur10e/install/ur10e_2fg7_description:/home/ur10e/install/ur_description:/home/ur10e/install/ur_controllers:/home/ur10e/install/ur_dashboard_msgs:/home/ur10e/install/onrobot_2fg7_gripper_description:/opt/ros/humble /usr/bin/cmake --build /home/ur10e/ur_ws/build/ur_moveit_config -- -j8 -l8
[0.350s] Invoking command in '/home/ur10e/ur_ws/build/ur_moveit_config': CMAKE_PREFIX_PATH=/home/ur10e/ur_ws/install/ur_description:/home/ur10e/install/ur_simulation_gazebo:/home/ur10e/install/ur:/home/ur10e/install/ur_calibration:/home/ur10e/install/ur_robot_driver:/home/ur10e/install/ur10e_2fg7_moveit_config2:/home/ur10e/install/gazebo_ros2_control_demos:/home/ur10e/install/gazebo_ros2_control:/home/ur10e/ur_ws/install/ur_simulation_gazebo:/home/ur10e/ur_ws/install/ur:/home/ur10e/ur_ws/install/ur_calibration:/home/ur10e/ur_ws/install/ur_robot_driver:/home/ur10e/ur_ws/install/ur_moveit_config:/home/ur10e/ur_ws/install/ur_bringup:/home/ur10e/ur_ws/install/ur10e_2fg7_moveit_config2:/home/ur10e/ur_ws/install/ur10e_2fg7_description:/home/ur10e/ur_ws/install/ur_controllers:/home/ur10e/ur_ws/install/ur_dashboard_msgs:/home/ur10e/ur_ws/install/onrobot_2fg7_gripper_description:/home/ur10e/ur_ws/install/gazebo_ros2_control_demos:/home/ur10e/ur_ws/install/gazebo_ros2_control:/home/ur10e/install/ur_moveit_config:/home/ur10e/install/ur_bringup:/home/ur10e/install/ur10e_2fg7_description:/home/ur10e/install/ur_description:/home/ur10e/install/ur_controllers:/home/ur10e/install/ur_dashboard_msgs:/home/ur10e/install/onrobot_2fg7_gripper_description:/opt/ros/humble /usr/bin/cmake --install /home/ur10e/ur_ws/build/ur_moveit_config
[0.358s] -- Install configuration: ""
[0.359s] -- Execute custom install script
[0.359s] -- Up-to-date symlink: /home/ur10e/ur_ws/install/ur_moveit_config/share/ur_moveit_config/config/controllers.yaml
[0.360s] -- Up-to-date symlink: /home/ur10e/ur_ws/install/ur_moveit_config/share/ur_moveit_config/config/joint_limits.yaml
[0.360s] -- Up-to-date symlink: /home/ur10e/ur_ws/install/ur_moveit_config/share/ur_moveit_config/config/kinematics.yaml
[0.361s] -- Up-to-date symlink: /home/ur10e/ur_ws/install/ur_moveit_config/share/ur_moveit_config/config/ompl_planning.yaml
[0.361s] -- Up-to-date symlink: /home/ur10e/ur_ws/install/ur_moveit_config/share/ur_moveit_config/config/ur_servo.yaml
[0.361s] -- Up-to-date symlink: /home/ur10e/ur_ws/install/ur_moveit_config/share/ur_moveit_config/launch/ur_moveit.launch.py
[0.362s] -- Up-to-date symlink: /home/ur10e/ur_ws/install/ur_moveit_config/share/ur_moveit_config/rviz/view_robot.rviz
[0.362s] -- Up-to-date symlink: /home/ur10e/ur_ws/install/ur_moveit_config/share/ur_moveit_config/srdf/ur.srdf.xacro
[0.362s] -- Up-to-date symlink: /home/ur10e/ur_ws/install/ur_moveit_config/share/ur_moveit_config/srdf/ur_macro.srdf.xacro
[0.362s] -- Up-to-date symlink: /home/ur10e/ur_ws/install/ur_moveit_config/share/ur_moveit_config/environment/pythonpath.sh
[0.362s] -- Up-to-date symlink: /home/ur10e/ur_ws/install/ur_moveit_config/share/ur_moveit_config/environment/pythonpath.dsv
[0.363s] -- Up-to-date symlink: /home/ur10e/ur_ws/install/ur_moveit_config/local/lib/python3.10/dist-packages/ur_moveit_config-2.2.15-py3.10.egg-info/PKG-INFO
[0.364s] -- Up-to-date symlink: /home/ur10e/ur_ws/install/ur_moveit_config/local/lib/python3.10/dist-packages/ur_moveit_config-2.2.15-py3.10.egg-info/SOURCES.txt
[0.364s] -- Up-to-date symlink: /home/ur10e/ur_ws/install/ur_moveit_config/local/lib/python3.10/dist-packages/ur_moveit_config-2.2.15-py3.10.egg-info/dependency_links.txt
[0.365s] -- Up-to-date symlink: /home/ur10e/ur_ws/install/ur_moveit_config/local/lib/python3.10/dist-packages/ur_moveit_config-2.2.15-py3.10.egg-info/top_level.txt
[0.366s] -- Up-to-date symlink: /home/ur10e/ur_ws/install/ur_moveit_config/local/lib/python3.10/dist-packages/ur_moveit_config/__init__.py
[0.366s] -- Up-to-date symlink: /home/ur10e/ur_ws/install/ur_moveit_config/local/lib/python3.10/dist-packages/ur_moveit_config/launch_common.py
[0.366s] -- Up-to-date symlink: /home/ur10e/ur_ws/install/ur_moveit_config/local/lib/python3.10/dist-packages/launch_common.py
[0.366s] -- Up-to-date symlink: /home/ur10e/ur_ws/install/ur_moveit_config/share/ament_index/resource_index/package_run_dependencies/ur_moveit_config
[0.366s] -- Up-to-date symlink: /home/ur10e/ur_ws/install/ur_moveit_config/share/ament_index/resource_index/parent_prefix_path/ur_moveit_config
[0.366s] -- Up-to-date symlink: /home/ur10e/ur_ws/install/ur_moveit_config/share/ur_moveit_config/environment/ament_prefix_path.sh
[0.366s] -- Up-to-date symlink: /home/ur10e/ur_ws/install/ur_moveit_config/share/ur_moveit_config/environment/ament_prefix_path.dsv
[0.366s] -- Up-to-date symlink: /home/ur10e/ur_ws/install/ur_moveit_config/share/ur_moveit_config/environment/path.sh
[0.366s] -- Up-to-date symlink: /home/ur10e/ur_ws/install/ur_moveit_config/share/ur_moveit_config/environment/path.dsv
[0.367s] -- Up-to-date symlink: /home/ur10e/ur_ws/install/ur_moveit_config/share/ur_moveit_config/local_setup.bash
[0.367s] -- Up-to-date symlink: /home/ur10e/ur_ws/install/ur_moveit_config/share/ur_moveit_config/local_setup.sh
[0.367s] -- Up-to-date symlink: /home/ur10e/ur_ws/install/ur_moveit_config/share/ur_moveit_config/local_setup.zsh
[0.368s] -- Up-to-date symlink: /home/ur10e/ur_ws/install/ur_moveit_config/share/ur_moveit_config/local_setup.dsv
[0.368s] -- Symlinking: /home/ur10e/ur_ws/install/ur_moveit_config/share/ur_moveit_config/package.dsv
[0.377s] -- Up-to-date symlink: /home/ur10e/ur_ws/install/ur_moveit_config/share/ament_index/resource_index/packages/ur_moveit_config
[0.377s] -- Up-to-date symlink: /home/ur10e/ur_ws/install/ur_moveit_config/share/ur_moveit_config/cmake/ur_moveit_configConfig.cmake
[0.378s] -- Up-to-date symlink: /home/ur10e/ur_ws/install/ur_moveit_config/share/ur_moveit_config/cmake/ur_moveit_configConfig-version.cmake
[0.378s] -- Up-to-date symlink: /home/ur10e/ur_ws/install/ur_moveit_config/share/ur_moveit_config/package.xml
[0.406s] Listing '/home/ur10e/ur_ws/install/ur_moveit_config/local/lib/python3.10/dist-packages/ur_moveit_config'...
[0.456s] Invoked command in '/home/ur10e/ur_ws/build/ur_moveit_config' returned '0': CMAKE_PREFIX_PATH=/home/ur10e/ur_ws/install/ur_description:/home/ur10e/install/ur_simulation_gazebo:/home/ur10e/install/ur:/home/ur10e/install/ur_calibration:/home/ur10e/install/ur_robot_driver:/home/ur10e/install/ur10e_2fg7_moveit_config2:/home/ur10e/install/gazebo_ros2_control_demos:/home/ur10e/install/gazebo_ros2_control:/home/ur10e/ur_ws/install/ur_simulation_gazebo:/home/ur10e/ur_ws/install/ur:/home/ur10e/ur_ws/install/ur_calibration:/home/ur10e/ur_ws/install/ur_robot_driver:/home/ur10e/ur_ws/install/ur_moveit_config:/home/ur10e/ur_ws/install/ur_bringup:/home/ur10e/ur_ws/install/ur10e_2fg7_moveit_config2:/home/ur10e/ur_ws/install/ur10e_2fg7_description:/home/ur10e/ur_ws/install/ur_controllers:/home/ur10e/ur_ws/install/ur_dashboard_msgs:/home/ur10e/ur_ws/install/onrobot_2fg7_gripper_description:/home/ur10e/ur_ws/install/gazebo_ros2_control_demos:/home/ur10e/ur_ws/install/gazebo_ros2_control:/home/ur10e/install/ur_moveit_config:/home/ur10e/install/ur_bringup:/home/ur10e/install/ur10e_2fg7_description:/home/ur10e/install/ur_description:/home/ur10e/install/ur_controllers:/home/ur10e/install/ur_dashboard_msgs:/home/ur10e/install/onrobot_2fg7_gripper_description:/opt/ros/humble /usr/bin/cmake --install /home/ur10e/ur_ws/build/ur_moveit_config
