[0.007s] Invoking command in '/home/ur10e/ur_ws/build/ur_moveit_config': CMAKE_PREFIX_PATH=/home/ur10e/ur_ws/install/ur_description:/home/ur10e/install/ur_simulation_gazebo:/home/ur10e/install/ur:/home/ur10e/install/ur_calibration:/home/ur10e/install/ur_robot_driver:/home/ur10e/install/ur10e_2fg7_moveit_config2:/home/ur10e/install/gazebo_ros2_control_demos:/home/ur10e/install/gazebo_ros2_control:/home/ur10e/ur_ws/install/ur_simulation_gazebo:/home/ur10e/ur_ws/install/ur:/home/ur10e/ur_ws/install/ur_calibration:/home/ur10e/ur_ws/install/ur_robot_driver:/home/ur10e/ur_ws/install/ur_moveit_config:/home/ur10e/ur_ws/install/ur_bringup:/home/ur10e/ur_ws/install/ur10e_2fg7_moveit_config2:/home/ur10e/ur_ws/install/ur10e_2fg7_description:/home/ur10e/ur_ws/install/ur_controllers:/home/ur10e/ur_ws/install/ur_dashboard_msgs:/home/ur10e/ur_ws/install/onrobot_2fg7_gripper_description:/home/ur10e/ur_ws/install/gazebo_ros2_control_demos:/home/ur10e/ur_ws/install/gazebo_ros2_control:/home/ur10e/install/ur_moveit_config:/home/ur10e/install/ur_bringup:/home/ur10e/install/ur10e_2fg7_description:/home/ur10e/install/ur_description:/home/ur10e/install/ur_controllers:/home/ur10e/install/ur_dashboard_msgs:/home/ur10e/install/onrobot_2fg7_gripper_description:/opt/ros/humble /usr/bin/cmake /home/ur10e/ur_ws/src/Universal_Robots_ROS2_Driver/ur_moveit_config -DAMENT_CMAKE_SYMLINK_INSTALL=1 -DCMAKE_INSTALL_PREFIX=/home/ur10e/ur_ws/install/ur_moveit_config
[0.055s] -- The C compiler identification is GNU 11.4.0
[0.096s] -- The CXX compiler identification is GNU 11.4.0
[0.102s] -- Detecting C compiler ABI info
[0.158s] -- Detecting C compiler ABI info - done
[0.165s] -- Check for working C compiler: /usr/bin/cc - skipped
[0.165s] -- Detecting C compile features
[0.165s] -- Detecting C compile features - done
[0.170s] -- Detecting CXX compiler ABI info
[0.255s] -- Detecting CXX compiler ABI info - done
[0.258s] -- Check for working CXX compiler: /usr/bin/c++ - skipped
[0.258s] -- Detecting CXX compile features
[0.258s] -- Detecting CXX compile features - done
[0.262s] -- Found ament_cmake: 1.3.10 (/opt/ros/humble/share/ament_cmake/cmake)
[0.389s] -- Found Python3: /usr/bin/python3 (found version "3.10.12") found components: Interpreter 
[0.438s] -- Override CMake install command with custom implementation using symlinks instead of copying resources
[0.594s] -- Configuring done
[0.596s] -- Generating done
[0.597s] -- Build files have been written to: /home/ur10e/ur_ws/build/ur_moveit_config
[0.602s] Invoked command in '/home/ur10e/ur_ws/build/ur_moveit_config' returned '0': CMAKE_PREFIX_PATH=/home/ur10e/ur_ws/install/ur_description:/home/ur10e/install/ur_simulation_gazebo:/home/ur10e/install/ur:/home/ur10e/install/ur_calibration:/home/ur10e/install/ur_robot_driver:/home/ur10e/install/ur10e_2fg7_moveit_config2:/home/ur10e/install/gazebo_ros2_control_demos:/home/ur10e/install/gazebo_ros2_control:/home/ur10e/ur_ws/install/ur_simulation_gazebo:/home/ur10e/ur_ws/install/ur:/home/ur10e/ur_ws/install/ur_calibration:/home/ur10e/ur_ws/install/ur_robot_driver:/home/ur10e/ur_ws/install/ur_moveit_config:/home/ur10e/ur_ws/install/ur_bringup:/home/ur10e/ur_ws/install/ur10e_2fg7_moveit_config2:/home/ur10e/ur_ws/install/ur10e_2fg7_description:/home/ur10e/ur_ws/install/ur_controllers:/home/ur10e/ur_ws/install/ur_dashboard_msgs:/home/ur10e/ur_ws/install/onrobot_2fg7_gripper_description:/home/ur10e/ur_ws/install/gazebo_ros2_control_demos:/home/ur10e/ur_ws/install/gazebo_ros2_control:/home/ur10e/install/ur_moveit_config:/home/ur10e/install/ur_bringup:/home/ur10e/install/ur10e_2fg7_description:/home/ur10e/install/ur_description:/home/ur10e/install/ur_controllers:/home/ur10e/install/ur_dashboard_msgs:/home/ur10e/install/onrobot_2fg7_gripper_description:/opt/ros/humble /usr/bin/cmake /home/ur10e/ur_ws/src/Universal_Robots_ROS2_Driver/ur_moveit_config -DAMENT_CMAKE_SYMLINK_INSTALL=1 -DCMAKE_INSTALL_PREFIX=/home/ur10e/ur_ws/install/ur_moveit_config
[0.606s] Invoking command in '/home/ur10e/ur_ws/build/ur_moveit_config': CMAKE_PREFIX_PATH=/home/ur10e/ur_ws/install/ur_description:/home/ur10e/install/ur_simulation_gazebo:/home/ur10e/install/ur:/home/ur10e/install/ur_calibration:/home/ur10e/install/ur_robot_driver:/home/ur10e/install/ur10e_2fg7_moveit_config2:/home/ur10e/install/gazebo_ros2_control_demos:/home/ur10e/install/gazebo_ros2_control:/home/ur10e/ur_ws/install/ur_simulation_gazebo:/home/ur10e/ur_ws/install/ur:/home/ur10e/ur_ws/install/ur_calibration:/home/ur10e/ur_ws/install/ur_robot_driver:/home/ur10e/ur_ws/install/ur_moveit_config:/home/ur10e/ur_ws/install/ur_bringup:/home/ur10e/ur_ws/install/ur10e_2fg7_moveit_config2:/home/ur10e/ur_ws/install/ur10e_2fg7_description:/home/ur10e/ur_ws/install/ur_controllers:/home/ur10e/ur_ws/install/ur_dashboard_msgs:/home/ur10e/ur_ws/install/onrobot_2fg7_gripper_description:/home/ur10e/ur_ws/install/gazebo_ros2_control_demos:/home/ur10e/ur_ws/install/gazebo_ros2_control:/home/ur10e/install/ur_moveit_config:/home/ur10e/install/ur_bringup:/home/ur10e/install/ur10e_2fg7_description:/home/ur10e/install/ur_description:/home/ur10e/install/ur_controllers:/home/ur10e/install/ur_dashboard_msgs:/home/ur10e/install/onrobot_2fg7_gripper_description:/opt/ros/humble /usr/bin/cmake --build /home/ur10e/ur_ws/build/ur_moveit_config -- -j8 -l8
[0.665s] Built target ament_cmake_python_symlink_ur_moveit_config
[0.927s] running egg_info
[0.927s] creating ur_moveit_config.egg-info
[0.927s] writing ur_moveit_config.egg-info/PKG-INFO
[0.927s] writing dependency_links to ur_moveit_config.egg-info/dependency_links.txt
[0.927s] writing top-level names to ur_moveit_config.egg-info/top_level.txt
[0.927s] writing manifest file 'ur_moveit_config.egg-info/SOURCES.txt'
[0.929s] reading manifest file 'ur_moveit_config.egg-info/SOURCES.txt'
[0.930s] writing manifest file 'ur_moveit_config.egg-info/SOURCES.txt'
[0.966s] Built target ament_cmake_python_build_ur_moveit_config_egg
[0.989s] Invoked command in '/home/ur10e/ur_ws/build/ur_moveit_config' returned '0': CMAKE_PREFIX_PATH=/home/ur10e/ur_ws/install/ur_description:/home/ur10e/install/ur_simulation_gazebo:/home/ur10e/install/ur:/home/ur10e/install/ur_calibration:/home/ur10e/install/ur_robot_driver:/home/ur10e/install/ur10e_2fg7_moveit_config2:/home/ur10e/install/gazebo_ros2_control_demos:/home/ur10e/install/gazebo_ros2_control:/home/ur10e/ur_ws/install/ur_simulation_gazebo:/home/ur10e/ur_ws/install/ur:/home/ur10e/ur_ws/install/ur_calibration:/home/ur10e/ur_ws/install/ur_robot_driver:/home/ur10e/ur_ws/install/ur_moveit_config:/home/ur10e/ur_ws/install/ur_bringup:/home/ur10e/ur_ws/install/ur10e_2fg7_moveit_config2:/home/ur10e/ur_ws/install/ur10e_2fg7_description:/home/ur10e/ur_ws/install/ur_controllers:/home/ur10e/ur_ws/install/ur_dashboard_msgs:/home/ur10e/ur_ws/install/onrobot_2fg7_gripper_description:/home/ur10e/ur_ws/install/gazebo_ros2_control_demos:/home/ur10e/ur_ws/install/gazebo_ros2_control:/home/ur10e/install/ur_moveit_config:/home/ur10e/install/ur_bringup:/home/ur10e/install/ur10e_2fg7_description:/home/ur10e/install/ur_description:/home/ur10e/install/ur_controllers:/home/ur10e/install/ur_dashboard_msgs:/home/ur10e/install/onrobot_2fg7_gripper_description:/opt/ros/humble /usr/bin/cmake --build /home/ur10e/ur_ws/build/ur_moveit_config -- -j8 -l8
[1.058s] Invoking command in '/home/ur10e/ur_ws/build/ur_moveit_config': CMAKE_PREFIX_PATH=/home/ur10e/ur_ws/install/ur_description:/home/ur10e/install/ur_simulation_gazebo:/home/ur10e/install/ur:/home/ur10e/install/ur_calibration:/home/ur10e/install/ur_robot_driver:/home/ur10e/install/ur10e_2fg7_moveit_config2:/home/ur10e/install/gazebo_ros2_control_demos:/home/ur10e/install/gazebo_ros2_control:/home/ur10e/ur_ws/install/ur_simulation_gazebo:/home/ur10e/ur_ws/install/ur:/home/ur10e/ur_ws/install/ur_calibration:/home/ur10e/ur_ws/install/ur_robot_driver:/home/ur10e/ur_ws/install/ur_moveit_config:/home/ur10e/ur_ws/install/ur_bringup:/home/ur10e/ur_ws/install/ur10e_2fg7_moveit_config2:/home/ur10e/ur_ws/install/ur10e_2fg7_description:/home/ur10e/ur_ws/install/ur_controllers:/home/ur10e/ur_ws/install/ur_dashboard_msgs:/home/ur10e/ur_ws/install/onrobot_2fg7_gripper_description:/home/ur10e/ur_ws/install/gazebo_ros2_control_demos:/home/ur10e/ur_ws/install/gazebo_ros2_control:/home/ur10e/install/ur_moveit_config:/home/ur10e/install/ur_bringup:/home/ur10e/install/ur10e_2fg7_description:/home/ur10e/install/ur_description:/home/ur10e/install/ur_controllers:/home/ur10e/install/ur_dashboard_msgs:/home/ur10e/install/onrobot_2fg7_gripper_description:/opt/ros/humble /usr/bin/cmake --install /home/ur10e/ur_ws/build/ur_moveit_config
[1.080s] -- Install configuration: ""
[1.084s] -- Execute custom install script
[1.085s] -- Symlinking: /home/ur10e/ur_ws/install/ur_moveit_config/share/ur_moveit_config/config/controllers.yaml
[1.108s] -- Symlinking: /home/ur10e/ur_ws/install/ur_moveit_config/share/ur_moveit_config/config/joint_limits.yaml
[1.120s] -- Symlinking: /home/ur10e/ur_ws/install/ur_moveit_config/share/ur_moveit_config/config/kinematics.yaml
[1.134s] -- Symlinking: /home/ur10e/ur_ws/install/ur_moveit_config/share/ur_moveit_config/config/ompl_planning.yaml
[1.146s] -- Symlinking: /home/ur10e/ur_ws/install/ur_moveit_config/share/ur_moveit_config/config/ur_servo.yaml
[1.155s] -- Symlinking: /home/ur10e/ur_ws/install/ur_moveit_config/share/ur_moveit_config/launch/ur_moveit.launch.py
[1.166s] -- Symlinking: /home/ur10e/ur_ws/install/ur_moveit_config/share/ur_moveit_config/rviz/view_robot.rviz
[1.179s] -- Symlinking: /home/ur10e/ur_ws/install/ur_moveit_config/share/ur_moveit_config/srdf/ur.srdf.xacro
[1.196s] -- Symlinking: /home/ur10e/ur_ws/install/ur_moveit_config/share/ur_moveit_config/srdf/ur_macro.srdf.xacro
[1.207s] -- Symlinking: /home/ur10e/ur_ws/install/ur_moveit_config/share/ur_moveit_config/environment/pythonpath.sh
[1.215s] -- Symlinking: /home/ur10e/ur_ws/install/ur_moveit_config/share/ur_moveit_config/environment/pythonpath.dsv
[1.223s] -- Symlinking: /home/ur10e/ur_ws/install/ur_moveit_config/local/lib/python3.10/dist-packages/ur_moveit_config-2.2.15-py3.10.egg-info/PKG-INFO
[1.231s] -- Symlinking: /home/ur10e/ur_ws/install/ur_moveit_config/local/lib/python3.10/dist-packages/ur_moveit_config-2.2.15-py3.10.egg-info/SOURCES.txt
[1.239s] -- Symlinking: /home/ur10e/ur_ws/install/ur_moveit_config/local/lib/python3.10/dist-packages/ur_moveit_config-2.2.15-py3.10.egg-info/dependency_links.txt
[1.247s] -- Symlinking: /home/ur10e/ur_ws/install/ur_moveit_config/local/lib/python3.10/dist-packages/ur_moveit_config-2.2.15-py3.10.egg-info/top_level.txt
[1.255s] -- Symlinking: /home/ur10e/ur_ws/install/ur_moveit_config/local/lib/python3.10/dist-packages/ur_moveit_config/__init__.py
[1.263s] -- Symlinking: /home/ur10e/ur_ws/install/ur_moveit_config/local/lib/python3.10/dist-packages/ur_moveit_config/launch_common.py
[1.271s] -- Symlinking: /home/ur10e/ur_ws/install/ur_moveit_config/local/lib/python3.10/dist-packages/launch_common.py
[1.280s] -- Symlinking: /home/ur10e/ur_ws/install/ur_moveit_config/share/ament_index/resource_index/package_run_dependencies/ur_moveit_config
[1.288s] -- Symlinking: /home/ur10e/ur_ws/install/ur_moveit_config/share/ament_index/resource_index/parent_prefix_path/ur_moveit_config
[1.296s] -- Symlinking: /home/ur10e/ur_ws/install/ur_moveit_config/share/ur_moveit_config/environment/ament_prefix_path.sh
[1.308s] -- Symlinking: /home/ur10e/ur_ws/install/ur_moveit_config/share/ur_moveit_config/environment/ament_prefix_path.dsv
[1.314s] -- Symlinking: /home/ur10e/ur_ws/install/ur_moveit_config/share/ur_moveit_config/environment/path.sh
[1.321s] -- Symlinking: /home/ur10e/ur_ws/install/ur_moveit_config/share/ur_moveit_config/environment/path.dsv
[1.328s] -- Symlinking: /home/ur10e/ur_ws/install/ur_moveit_config/share/ur_moveit_config/local_setup.bash
[1.336s] -- Symlinking: /home/ur10e/ur_ws/install/ur_moveit_config/share/ur_moveit_config/local_setup.sh
[1.343s] -- Symlinking: /home/ur10e/ur_ws/install/ur_moveit_config/share/ur_moveit_config/local_setup.zsh
[1.359s] -- Symlinking: /home/ur10e/ur_ws/install/ur_moveit_config/share/ur_moveit_config/local_setup.dsv
[1.367s] -- Symlinking: /home/ur10e/ur_ws/install/ur_moveit_config/share/ur_moveit_config/package.dsv
[1.387s] -- Symlinking: /home/ur10e/ur_ws/install/ur_moveit_config/share/ament_index/resource_index/packages/ur_moveit_config
[1.402s] -- Symlinking: /home/ur10e/ur_ws/install/ur_moveit_config/share/ur_moveit_config/cmake/ur_moveit_configConfig.cmake
[1.416s] -- Symlinking: /home/ur10e/ur_ws/install/ur_moveit_config/share/ur_moveit_config/cmake/ur_moveit_configConfig-version.cmake
[1.436s] -- Symlinking: /home/ur10e/ur_ws/install/ur_moveit_config/share/ur_moveit_config/package.xml
[1.525s] Listing '/home/ur10e/ur_ws/install/ur_moveit_config/local/lib/python3.10/dist-packages/ur_moveit_config'...
[1.525s] Compiling '/home/ur10e/ur_ws/install/ur_moveit_config/local/lib/python3.10/dist-packages/ur_moveit_config/__init__.py'...
[1.525s] Compiling '/home/ur10e/ur_ws/install/ur_moveit_config/local/lib/python3.10/dist-packages/ur_moveit_config/launch_common.py'...
[1.598s] Compiling '/home/ur10e/ur_ws/install/ur_moveit_config/local/lib/python3.10/dist-packages/launch_common.py'...
[1.611s] Invoked command in '/home/ur10e/ur_ws/build/ur_moveit_config' returned '0': CMAKE_PREFIX_PATH=/home/ur10e/ur_ws/install/ur_description:/home/ur10e/install/ur_simulation_gazebo:/home/ur10e/install/ur:/home/ur10e/install/ur_calibration:/home/ur10e/install/ur_robot_driver:/home/ur10e/install/ur10e_2fg7_moveit_config2:/home/ur10e/install/gazebo_ros2_control_demos:/home/ur10e/install/gazebo_ros2_control:/home/ur10e/ur_ws/install/ur_simulation_gazebo:/home/ur10e/ur_ws/install/ur:/home/ur10e/ur_ws/install/ur_calibration:/home/ur10e/ur_ws/install/ur_robot_driver:/home/ur10e/ur_ws/install/ur_moveit_config:/home/ur10e/ur_ws/install/ur_bringup:/home/ur10e/ur_ws/install/ur10e_2fg7_moveit_config2:/home/ur10e/ur_ws/install/ur10e_2fg7_description:/home/ur10e/ur_ws/install/ur_controllers:/home/ur10e/ur_ws/install/ur_dashboard_msgs:/home/ur10e/ur_ws/install/onrobot_2fg7_gripper_description:/home/ur10e/ur_ws/install/gazebo_ros2_control_demos:/home/ur10e/ur_ws/install/gazebo_ros2_control:/home/ur10e/install/ur_moveit_config:/home/ur10e/install/ur_bringup:/home/ur10e/install/ur10e_2fg7_description:/home/ur10e/install/ur_description:/home/ur10e/install/ur_controllers:/home/ur10e/install/ur_dashboard_msgs:/home/ur10e/install/onrobot_2fg7_gripper_description:/opt/ros/humble /usr/bin/cmake --install /home/ur10e/ur_ws/build/ur_moveit_config
