[0.016s] Invoking command in '/home/ur10e/ur_ws/build/ur_bringup': CMAKE_PREFIX_PATH=/home/ur10e/ur_ws/install/ur_controllers:/home/ur10e/ur_ws/install/ur_description:/home/ur10e/ur_ws/install/ur_dashboard_msgs:/home/ur10e/install/ur_simulation_gazebo:/home/ur10e/install/ur:/home/ur10e/install/ur_calibration:/home/ur10e/install/ur_robot_driver:/home/ur10e/install/ur10e_2fg7_moveit_config2:/home/ur10e/install/gazebo_ros2_control_demos:/home/ur10e/install/gazebo_ros2_control:/home/ur10e/ur_ws/install/ur_simulation_gazebo:/home/ur10e/ur_ws/install/ur:/home/ur10e/ur_ws/install/ur_calibration:/home/ur10e/ur_ws/install/ur_robot_driver:/home/ur10e/ur_ws/install/ur_moveit_config:/home/ur10e/ur_ws/install/ur_bringup:/home/ur10e/ur_ws/install/ur10e_2fg7_moveit_config2:/home/ur10e/ur_ws/install/ur10e_2fg7_description:/home/ur10e/ur_ws/install/onrobot_2fg7_gripper_description:/home/ur10e/ur_ws/install/gazebo_ros2_control_demos:/home/ur10e/ur_ws/install/gazebo_ros2_control:/home/ur10e/install/ur_moveit_config:/home/ur10e/install/ur_bringup:/home/ur10e/install/ur10e_2fg7_description:/home/ur10e/install/ur_description:/home/ur10e/install/ur_controllers:/home/ur10e/install/ur_dashboard_msgs:/home/ur10e/install/onrobot_2fg7_gripper_description:/opt/ros/humble LD_LIBRARY_PATH=/home/ur10e/ur_ws/install/ur_controllers/lib:/home/ur10e/ur_ws/install/ur_dashboard_msgs/lib:/home/ur10e/install/ur_robot_driver/lib:/home/ur10e/install/gazebo_ros2_control/lib:/home/ur10e/ur_ws/install/ur_robot_driver/lib:/home/ur10e/ur_ws/install/gazebo_ros2_control/lib:/home/ur10e/install/ur_controllers/lib:/home/ur10e/install/ur_dashboard_msgs/lib:/usr/lib/x86_64-linux-gnu/gazebo-11/plugins:/opt/ros/humble/opt/rviz_ogre_vendor/lib:/opt/ros/humble/lib/x86_64-linux-gnu:/opt/ros/humble/lib:/usr/share/gazebo/../../lib/x86_64-linux-gnu/gazebo-11/plugins /usr/bin/cmake /home/ur10e/ur_ws/src/Universal_Robots_ROS2_Driver/ur_bringup -DAMENT_CMAKE_SYMLINK_INSTALL=1 -DCMAKE_INSTALL_PREFIX=/home/ur10e/ur_ws/install/ur_bringup
[0.068s] -- The C compiler identification is GNU 11.4.0
[0.108s] -- The CXX compiler identification is GNU 11.4.0
[0.114s] -- Detecting C compiler ABI info
[0.179s] -- Detecting C compiler ABI info - done
[0.183s] -- Check for working C compiler: /usr/bin/cc - skipped
[0.183s] -- Detecting C compile features
[0.183s] -- Detecting C compile features - done
[0.185s] -- Detecting CXX compiler ABI info
[0.256s] -- Detecting CXX compiler ABI info - done
[0.262s] -- Check for working CXX compiler: /usr/bin/c++ - skipped
[0.262s] -- Detecting CXX compile features
[0.263s] -- Detecting CXX compile features - done
[0.266s] -- Found ament_cmake: 1.3.10 (/opt/ros/humble/share/ament_cmake/cmake)
[0.395s] -- Found Python3: /usr/bin/python3 (found version "3.10.12") found components: Interpreter 
[0.444s] -- Override CMake install command with custom implementation using symlinks instead of copying resources
[0.537s] -- Configuring done
[0.537s] -- Generating done
[0.537s] -- Build files have been written to: /home/ur10e/ur_ws/build/ur_bringup
[0.540s] Invoked command in '/home/ur10e/ur_ws/build/ur_bringup' returned '0': CMAKE_PREFIX_PATH=/home/ur10e/ur_ws/install/ur_controllers:/home/ur10e/ur_ws/install/ur_description:/home/ur10e/ur_ws/install/ur_dashboard_msgs:/home/ur10e/install/ur_simulation_gazebo:/home/ur10e/install/ur:/home/ur10e/install/ur_calibration:/home/ur10e/install/ur_robot_driver:/home/ur10e/install/ur10e_2fg7_moveit_config2:/home/ur10e/install/gazebo_ros2_control_demos:/home/ur10e/install/gazebo_ros2_control:/home/ur10e/ur_ws/install/ur_simulation_gazebo:/home/ur10e/ur_ws/install/ur:/home/ur10e/ur_ws/install/ur_calibration:/home/ur10e/ur_ws/install/ur_robot_driver:/home/ur10e/ur_ws/install/ur_moveit_config:/home/ur10e/ur_ws/install/ur_bringup:/home/ur10e/ur_ws/install/ur10e_2fg7_moveit_config2:/home/ur10e/ur_ws/install/ur10e_2fg7_description:/home/ur10e/ur_ws/install/onrobot_2fg7_gripper_description:/home/ur10e/ur_ws/install/gazebo_ros2_control_demos:/home/ur10e/ur_ws/install/gazebo_ros2_control:/home/ur10e/install/ur_moveit_config:/home/ur10e/install/ur_bringup:/home/ur10e/install/ur10e_2fg7_description:/home/ur10e/install/ur_description:/home/ur10e/install/ur_controllers:/home/ur10e/install/ur_dashboard_msgs:/home/ur10e/install/onrobot_2fg7_gripper_description:/opt/ros/humble LD_LIBRARY_PATH=/home/ur10e/ur_ws/install/ur_controllers/lib:/home/ur10e/ur_ws/install/ur_dashboard_msgs/lib:/home/ur10e/install/ur_robot_driver/lib:/home/ur10e/install/gazebo_ros2_control/lib:/home/ur10e/ur_ws/install/ur_robot_driver/lib:/home/ur10e/ur_ws/install/gazebo_ros2_control/lib:/home/ur10e/install/ur_controllers/lib:/home/ur10e/install/ur_dashboard_msgs/lib:/usr/lib/x86_64-linux-gnu/gazebo-11/plugins:/opt/ros/humble/opt/rviz_ogre_vendor/lib:/opt/ros/humble/lib/x86_64-linux-gnu:/opt/ros/humble/lib:/usr/share/gazebo/../../lib/x86_64-linux-gnu/gazebo-11/plugins /usr/bin/cmake /home/ur10e/ur_ws/src/Universal_Robots_ROS2_Driver/ur_bringup -DAMENT_CMAKE_SYMLINK_INSTALL=1 -DCMAKE_INSTALL_PREFIX=/home/ur10e/ur_ws/install/ur_bringup
[0.544s] Invoking command in '/home/ur10e/ur_ws/build/ur_bringup': CMAKE_PREFIX_PATH=/home/ur10e/ur_ws/install/ur_controllers:/home/ur10e/ur_ws/install/ur_description:/home/ur10e/ur_ws/install/ur_dashboard_msgs:/home/ur10e/install/ur_simulation_gazebo:/home/ur10e/install/ur:/home/ur10e/install/ur_calibration:/home/ur10e/install/ur_robot_driver:/home/ur10e/install/ur10e_2fg7_moveit_config2:/home/ur10e/install/gazebo_ros2_control_demos:/home/ur10e/install/gazebo_ros2_control:/home/ur10e/ur_ws/install/ur_simulation_gazebo:/home/ur10e/ur_ws/install/ur:/home/ur10e/ur_ws/install/ur_calibration:/home/ur10e/ur_ws/install/ur_robot_driver:/home/ur10e/ur_ws/install/ur_moveit_config:/home/ur10e/ur_ws/install/ur_bringup:/home/ur10e/ur_ws/install/ur10e_2fg7_moveit_config2:/home/ur10e/ur_ws/install/ur10e_2fg7_description:/home/ur10e/ur_ws/install/onrobot_2fg7_gripper_description:/home/ur10e/ur_ws/install/gazebo_ros2_control_demos:/home/ur10e/ur_ws/install/gazebo_ros2_control:/home/ur10e/install/ur_moveit_config:/home/ur10e/install/ur_bringup:/home/ur10e/install/ur10e_2fg7_description:/home/ur10e/install/ur_description:/home/ur10e/install/ur_controllers:/home/ur10e/install/ur_dashboard_msgs:/home/ur10e/install/onrobot_2fg7_gripper_description:/opt/ros/humble LD_LIBRARY_PATH=/home/ur10e/ur_ws/install/ur_controllers/lib:/home/ur10e/ur_ws/install/ur_dashboard_msgs/lib:/home/ur10e/install/ur_robot_driver/lib:/home/ur10e/install/gazebo_ros2_control/lib:/home/ur10e/ur_ws/install/ur_robot_driver/lib:/home/ur10e/ur_ws/install/gazebo_ros2_control/lib:/home/ur10e/install/ur_controllers/lib:/home/ur10e/install/ur_dashboard_msgs/lib:/usr/lib/x86_64-linux-gnu/gazebo-11/plugins:/opt/ros/humble/opt/rviz_ogre_vendor/lib:/opt/ros/humble/lib/x86_64-linux-gnu:/opt/ros/humble/lib:/usr/share/gazebo/../../lib/x86_64-linux-gnu/gazebo-11/plugins /usr/bin/cmake --build /home/ur10e/ur_ws/build/ur_bringup -- -j8 -l8
[0.580s] Invoked command in '/home/ur10e/ur_ws/build/ur_bringup' returned '0': CMAKE_PREFIX_PATH=/home/ur10e/ur_ws/install/ur_controllers:/home/ur10e/ur_ws/install/ur_description:/home/ur10e/ur_ws/install/ur_dashboard_msgs:/home/ur10e/install/ur_simulation_gazebo:/home/ur10e/install/ur:/home/ur10e/install/ur_calibration:/home/ur10e/install/ur_robot_driver:/home/ur10e/install/ur10e_2fg7_moveit_config2:/home/ur10e/install/gazebo_ros2_control_demos:/home/ur10e/install/gazebo_ros2_control:/home/ur10e/ur_ws/install/ur_simulation_gazebo:/home/ur10e/ur_ws/install/ur:/home/ur10e/ur_ws/install/ur_calibration:/home/ur10e/ur_ws/install/ur_robot_driver:/home/ur10e/ur_ws/install/ur_moveit_config:/home/ur10e/ur_ws/install/ur_bringup:/home/ur10e/ur_ws/install/ur10e_2fg7_moveit_config2:/home/ur10e/ur_ws/install/ur10e_2fg7_description:/home/ur10e/ur_ws/install/onrobot_2fg7_gripper_description:/home/ur10e/ur_ws/install/gazebo_ros2_control_demos:/home/ur10e/ur_ws/install/gazebo_ros2_control:/home/ur10e/install/ur_moveit_config:/home/ur10e/install/ur_bringup:/home/ur10e/install/ur10e_2fg7_description:/home/ur10e/install/ur_description:/home/ur10e/install/ur_controllers:/home/ur10e/install/ur_dashboard_msgs:/home/ur10e/install/onrobot_2fg7_gripper_description:/opt/ros/humble LD_LIBRARY_PATH=/home/ur10e/ur_ws/install/ur_controllers/lib:/home/ur10e/ur_ws/install/ur_dashboard_msgs/lib:/home/ur10e/install/ur_robot_driver/lib:/home/ur10e/install/gazebo_ros2_control/lib:/home/ur10e/ur_ws/install/ur_robot_driver/lib:/home/ur10e/ur_ws/install/gazebo_ros2_control/lib:/home/ur10e/install/ur_controllers/lib:/home/ur10e/install/ur_dashboard_msgs/lib:/usr/lib/x86_64-linux-gnu/gazebo-11/plugins:/opt/ros/humble/opt/rviz_ogre_vendor/lib:/opt/ros/humble/lib/x86_64-linux-gnu:/opt/ros/humble/lib:/usr/share/gazebo/../../lib/x86_64-linux-gnu/gazebo-11/plugins /usr/bin/cmake --build /home/ur10e/ur_ws/build/ur_bringup -- -j8 -l8
[0.601s] Invoking command in '/home/ur10e/ur_ws/build/ur_bringup': CMAKE_PREFIX_PATH=/home/ur10e/ur_ws/install/ur_controllers:/home/ur10e/ur_ws/install/ur_description:/home/ur10e/ur_ws/install/ur_dashboard_msgs:/home/ur10e/install/ur_simulation_gazebo:/home/ur10e/install/ur:/home/ur10e/install/ur_calibration:/home/ur10e/install/ur_robot_driver:/home/ur10e/install/ur10e_2fg7_moveit_config2:/home/ur10e/install/gazebo_ros2_control_demos:/home/ur10e/install/gazebo_ros2_control:/home/ur10e/ur_ws/install/ur_simulation_gazebo:/home/ur10e/ur_ws/install/ur:/home/ur10e/ur_ws/install/ur_calibration:/home/ur10e/ur_ws/install/ur_robot_driver:/home/ur10e/ur_ws/install/ur_moveit_config:/home/ur10e/ur_ws/install/ur_bringup:/home/ur10e/ur_ws/install/ur10e_2fg7_moveit_config2:/home/ur10e/ur_ws/install/ur10e_2fg7_description:/home/ur10e/ur_ws/install/onrobot_2fg7_gripper_description:/home/ur10e/ur_ws/install/gazebo_ros2_control_demos:/home/ur10e/ur_ws/install/gazebo_ros2_control:/home/ur10e/install/ur_moveit_config:/home/ur10e/install/ur_bringup:/home/ur10e/install/ur10e_2fg7_description:/home/ur10e/install/ur_description:/home/ur10e/install/ur_controllers:/home/ur10e/install/ur_dashboard_msgs:/home/ur10e/install/onrobot_2fg7_gripper_description:/opt/ros/humble LD_LIBRARY_PATH=/home/ur10e/ur_ws/install/ur_controllers/lib:/home/ur10e/ur_ws/install/ur_dashboard_msgs/lib:/home/ur10e/install/ur_robot_driver/lib:/home/ur10e/install/gazebo_ros2_control/lib:/home/ur10e/ur_ws/install/ur_robot_driver/lib:/home/ur10e/ur_ws/install/gazebo_ros2_control/lib:/home/ur10e/install/ur_controllers/lib:/home/ur10e/install/ur_dashboard_msgs/lib:/usr/lib/x86_64-linux-gnu/gazebo-11/plugins:/opt/ros/humble/opt/rviz_ogre_vendor/lib:/opt/ros/humble/lib/x86_64-linux-gnu:/opt/ros/humble/lib:/usr/share/gazebo/../../lib/x86_64-linux-gnu/gazebo-11/plugins /usr/bin/cmake --install /home/ur10e/ur_ws/build/ur_bringup
[0.607s] -- Install configuration: ""
[0.608s] -- Execute custom install script
[0.608s] -- Symlinking: /home/ur10e/ur_ws/install/ur_bringup/share/ur_bringup/config/test_goal_publishers_config.yaml
[0.615s] -- Symlinking: /home/ur10e/ur_ws/install/ur_bringup/share/ur_bringup/config/test_velocity_goal_publishers_config.yaml
[0.623s] -- Symlinking: /home/ur10e/ur_ws/install/ur_bringup/share/ur_bringup/config/ur10_update_rate.yaml
[0.632s] -- Symlinking: /home/ur10e/ur_ws/install/ur_bringup/share/ur_bringup/config/ur10e_update_rate.yaml
[0.640s] -- Symlinking: /home/ur10e/ur_ws/install/ur_bringup/share/ur_bringup/config/ur16e_update_rate.yaml
[0.648s] -- Symlinking: /home/ur10e/ur_ws/install/ur_bringup/share/ur_bringup/config/ur3_update_rate.yaml
[0.658s] -- Symlinking: /home/ur10e/ur_ws/install/ur_bringup/share/ur_bringup/config/ur3e_update_rate.yaml
[0.670s] -- Symlinking: /home/ur10e/ur_ws/install/ur_bringup/share/ur_bringup/config/ur5_update_rate.yaml
[0.679s] -- Symlinking: /home/ur10e/ur_ws/install/ur_bringup/share/ur_bringup/config/ur5e_update_rate.yaml
[0.688s] -- Symlinking: /home/ur10e/ur_ws/install/ur_bringup/share/ur_bringup/config/ur_controllers.yaml
[0.695s] -- Symlinking: /home/ur10e/ur_ws/install/ur_bringup/share/ur_bringup/launch/test_forward_velocity_controller.launch.py
[0.703s] -- Symlinking: /home/ur10e/ur_ws/install/ur_bringup/share/ur_bringup/launch/test_joint_trajectory_controller.launch.py
[0.712s] -- Symlinking: /home/ur10e/ur_ws/install/ur_bringup/share/ur_bringup/launch/test_scaled_joint_trajectory_controller.launch.py
[0.718s] -- Symlinking: /home/ur10e/ur_ws/install/ur_bringup/share/ur_bringup/launch/ur10.launch.py
[0.726s] -- Symlinking: /home/ur10e/ur_ws/install/ur_bringup/share/ur_bringup/launch/ur10e.launch.py
[0.735s] -- Symlinking: /home/ur10e/ur_ws/install/ur_bringup/share/ur_bringup/launch/ur16e.launch.py
[0.743s] -- Symlinking: /home/ur10e/ur_ws/install/ur_bringup/share/ur_bringup/launch/ur3.launch.py
[0.750s] -- Symlinking: /home/ur10e/ur_ws/install/ur_bringup/share/ur_bringup/launch/ur3e.launch.py
[0.759s] -- Symlinking: /home/ur10e/ur_ws/install/ur_bringup/share/ur_bringup/launch/ur5.launch.py
[0.768s] -- Symlinking: /home/ur10e/ur_ws/install/ur_bringup/share/ur_bringup/launch/ur5e.launch.py
[0.775s] -- Symlinking: /home/ur10e/ur_ws/install/ur_bringup/share/ur_bringup/launch/ur_control.launch.py
[0.785s] -- Symlinking: /home/ur10e/ur_ws/install/ur_bringup/share/ur_bringup/launch/ur_dashboard_client.launch.py
[0.795s] -- Symlinking: /home/ur10e/ur_ws/install/ur_bringup/lib/ur_bringup/start_ursim.sh
[0.801s] -- Symlinking: /home/ur10e/ur_ws/install/ur_bringup/share/ament_index/resource_index/package_run_dependencies/ur_bringup
[0.809s] -- Symlinking: /home/ur10e/ur_ws/install/ur_bringup/share/ament_index/resource_index/parent_prefix_path/ur_bringup
[0.818s] -- Symlinking: /home/ur10e/ur_ws/install/ur_bringup/share/ur_bringup/environment/ament_prefix_path.sh
[0.829s] -- Symlinking: /home/ur10e/ur_ws/install/ur_bringup/share/ur_bringup/environment/ament_prefix_path.dsv
[0.840s] -- Symlinking: /home/ur10e/ur_ws/install/ur_bringup/share/ur_bringup/environment/path.sh
[0.857s] -- Symlinking: /home/ur10e/ur_ws/install/ur_bringup/share/ur_bringup/environment/path.dsv
[0.866s] -- Symlinking: /home/ur10e/ur_ws/install/ur_bringup/share/ur_bringup/local_setup.bash
[0.875s] -- Symlinking: /home/ur10e/ur_ws/install/ur_bringup/share/ur_bringup/local_setup.sh
[0.887s] -- Symlinking: /home/ur10e/ur_ws/install/ur_bringup/share/ur_bringup/local_setup.zsh
[0.899s] -- Symlinking: /home/ur10e/ur_ws/install/ur_bringup/share/ur_bringup/local_setup.dsv
[0.920s] -- Symlinking: /home/ur10e/ur_ws/install/ur_bringup/share/ur_bringup/package.dsv
[0.931s] -- Symlinking: /home/ur10e/ur_ws/install/ur_bringup/share/ament_index/resource_index/packages/ur_bringup
[0.944s] -- Symlinking: /home/ur10e/ur_ws/install/ur_bringup/share/ur_bringup/cmake/ur_bringupConfig.cmake
[0.957s] -- Symlinking: /home/ur10e/ur_ws/install/ur_bringup/share/ur_bringup/cmake/ur_bringupConfig-version.cmake
[0.971s] -- Symlinking: /home/ur10e/ur_ws/install/ur_bringup/share/ur_bringup/package.xml
[0.983s] Invoked command in '/home/ur10e/ur_ws/build/ur_bringup' returned '0': CMAKE_PREFIX_PATH=/home/ur10e/ur_ws/install/ur_controllers:/home/ur10e/ur_ws/install/ur_description:/home/ur10e/ur_ws/install/ur_dashboard_msgs:/home/ur10e/install/ur_simulation_gazebo:/home/ur10e/install/ur:/home/ur10e/install/ur_calibration:/home/ur10e/install/ur_robot_driver:/home/ur10e/install/ur10e_2fg7_moveit_config2:/home/ur10e/install/gazebo_ros2_control_demos:/home/ur10e/install/gazebo_ros2_control:/home/ur10e/ur_ws/install/ur_simulation_gazebo:/home/ur10e/ur_ws/install/ur:/home/ur10e/ur_ws/install/ur_calibration:/home/ur10e/ur_ws/install/ur_robot_driver:/home/ur10e/ur_ws/install/ur_moveit_config:/home/ur10e/ur_ws/install/ur_bringup:/home/ur10e/ur_ws/install/ur10e_2fg7_moveit_config2:/home/ur10e/ur_ws/install/ur10e_2fg7_description:/home/ur10e/ur_ws/install/onrobot_2fg7_gripper_description:/home/ur10e/ur_ws/install/gazebo_ros2_control_demos:/home/ur10e/ur_ws/install/gazebo_ros2_control:/home/ur10e/install/ur_moveit_config:/home/ur10e/install/ur_bringup:/home/ur10e/install/ur10e_2fg7_description:/home/ur10e/install/ur_description:/home/ur10e/install/ur_controllers:/home/ur10e/install/ur_dashboard_msgs:/home/ur10e/install/onrobot_2fg7_gripper_description:/opt/ros/humble LD_LIBRARY_PATH=/home/ur10e/ur_ws/install/ur_controllers/lib:/home/ur10e/ur_ws/install/ur_dashboard_msgs/lib:/home/ur10e/install/ur_robot_driver/lib:/home/ur10e/install/gazebo_ros2_control/lib:/home/ur10e/ur_ws/install/ur_robot_driver/lib:/home/ur10e/ur_ws/install/gazebo_ros2_control/lib:/home/ur10e/install/ur_controllers/lib:/home/ur10e/install/ur_dashboard_msgs/lib:/usr/lib/x86_64-linux-gnu/gazebo-11/plugins:/opt/ros/humble/opt/rviz_ogre_vendor/lib:/opt/ros/humble/lib/x86_64-linux-gnu:/opt/ros/humble/lib:/usr/share/gazebo/../../lib/x86_64-linux-gnu/gazebo-11/plugins /usr/bin/cmake --install /home/ur10e/ur_ws/build/ur_bringup
