[0.068s] Invoking command in '/home/ur10e/ur_ws/build/ur10e_2fg7_moveit_config2': AMENT_PREFIX_PATH=/home/ur10e/ur_ws/install/ur10e_2fg7_description:${AMENT_PREFIX_PATH} CMAKE_PREFIX_PATH=/home/ur10e/ur_ws/install/ur10e_2fg7_description:/home/ur10e/ur_ws/install/ur_description:/home/ur10e/ur_ws/install/gazebo_ros2_control:/home/ur10e/ur_ws/install/ur_simulation_gazebo:/home/ur10e/ur_ws/install/ur_moveit_config:/home/ur10e/ur_ws/install/ur_bringup:/home/ur10e/ur_ws/install/ur_controllers:/home/ur10e/ur_ws/install/ur_dashboard_msgs:/home/ur10e/ur_ws/install/onrobot_2fg7_gripper_description:/home/ur10e/install/ur_simulation_gazebo:/home/ur10e/install/ur:/home/ur10e/install/ur_calibration:/home/ur10e/install/ur_robot_driver:/home/ur10e/install/ur_moveit_config:/home/ur10e/install/ur_bringup:/home/ur10e/install/ur10e_2fg7_moveit_config2:/home/ur10e/install/ur10e_2fg7_description:/home/ur10e/install/ur_description:/home/ur10e/install/ur_controllers:/home/ur10e/install/ur_dashboard_msgs:/home/ur10e/install/onrobot_2fg7_gripper_description:/home/ur10e/install/gazebo_ros2_control_demos:/home/ur10e/install/gazebo_ros2_control:/opt/ros/humble LD_LIBRARY_PATH=/home/ur10e/ur_ws/install/gazebo_ros2_control/lib:/home/ur10e/ur_ws/install/ur_controllers/lib:/home/ur10e/ur_ws/install/ur_dashboard_msgs/lib:/home/ur10e/install/ur_robot_driver/lib:/home/ur10e/install/ur_controllers/lib:/home/ur10e/install/ur_dashboard_msgs/lib:/home/ur10e/install/gazebo_ros2_control/lib:/usr/lib/x86_64-linux-gnu/gazebo-11/plugins:/opt/ros/humble/opt/rviz_ogre_vendor/lib:/opt/ros/humble/lib/x86_64-linux-gnu:/opt/ros/humble/lib:/usr/share/gazebo/../../lib/x86_64-linux-gnu/gazebo-11/plugins /usr/bin/cmake /home/ur10e/ur_ws/src/ur10e_2fg7_moveit_config2 -DAMENT_CMAKE_SYMLINK_INSTALL=1 -DCMAKE_INSTALL_PREFIX=/home/ur10e/ur_ws/install/ur10e_2fg7_moveit_config2
[0.486s] -- The C compiler identification is GNU 11.4.0
[0.711s] -- The CXX compiler identification is GNU 11.4.0
[0.743s] -- Detecting C compiler ABI info
[1.054s] -- Detecting C compiler ABI info - done
[1.084s] -- Check for working C compiler: /usr/bin/cc - skipped
[1.088s] -- Detecting C compile features
[1.090s] -- Detecting C compile features - done
[1.105s] -- Detecting CXX compiler ABI info
[1.375s] -- Detecting CXX compiler ABI info - done
[1.410s] -- Check for working CXX compiler: /usr/bin/c++ - skipped
[1.410s] -- Detecting CXX compile features
[1.410s] -- Detecting CXX compile features - done
[1.423s] -- Found ament_cmake: 1.3.10 (/opt/ros/humble/share/ament_cmake/cmake)
[2.106s] -- Found Python3: /usr/bin/python3 (found version "3.10.12") found components: Interpreter 
[2.450s] -- Override CMake install command with custom implementation using symlinks instead of copying resources
[2.751s] -- Configuring done
[2.754s] -- Generating done
[2.759s] -- Build files have been written to: /home/ur10e/ur_ws/build/ur10e_2fg7_moveit_config2
[2.762s] Invoked command in '/home/ur10e/ur_ws/build/ur10e_2fg7_moveit_config2' returned '0': AMENT_PREFIX_PATH=/home/ur10e/ur_ws/install/ur10e_2fg7_description:${AMENT_PREFIX_PATH} CMAKE_PREFIX_PATH=/home/ur10e/ur_ws/install/ur10e_2fg7_description:/home/ur10e/ur_ws/install/ur_description:/home/ur10e/ur_ws/install/gazebo_ros2_control:/home/ur10e/ur_ws/install/ur_simulation_gazebo:/home/ur10e/ur_ws/install/ur_moveit_config:/home/ur10e/ur_ws/install/ur_bringup:/home/ur10e/ur_ws/install/ur_controllers:/home/ur10e/ur_ws/install/ur_dashboard_msgs:/home/ur10e/ur_ws/install/onrobot_2fg7_gripper_description:/home/ur10e/install/ur_simulation_gazebo:/home/ur10e/install/ur:/home/ur10e/install/ur_calibration:/home/ur10e/install/ur_robot_driver:/home/ur10e/install/ur_moveit_config:/home/ur10e/install/ur_bringup:/home/ur10e/install/ur10e_2fg7_moveit_config2:/home/ur10e/install/ur10e_2fg7_description:/home/ur10e/install/ur_description:/home/ur10e/install/ur_controllers:/home/ur10e/install/ur_dashboard_msgs:/home/ur10e/install/onrobot_2fg7_gripper_description:/home/ur10e/install/gazebo_ros2_control_demos:/home/ur10e/install/gazebo_ros2_control:/opt/ros/humble LD_LIBRARY_PATH=/home/ur10e/ur_ws/install/gazebo_ros2_control/lib:/home/ur10e/ur_ws/install/ur_controllers/lib:/home/ur10e/ur_ws/install/ur_dashboard_msgs/lib:/home/ur10e/install/ur_robot_driver/lib:/home/ur10e/install/ur_controllers/lib:/home/ur10e/install/ur_dashboard_msgs/lib:/home/ur10e/install/gazebo_ros2_control/lib:/usr/lib/x86_64-linux-gnu/gazebo-11/plugins:/opt/ros/humble/opt/rviz_ogre_vendor/lib:/opt/ros/humble/lib/x86_64-linux-gnu:/opt/ros/humble/lib:/usr/share/gazebo/../../lib/x86_64-linux-gnu/gazebo-11/plugins /usr/bin/cmake /home/ur10e/ur_ws/src/ur10e_2fg7_moveit_config2 -DAMENT_CMAKE_SYMLINK_INSTALL=1 -DCMAKE_INSTALL_PREFIX=/home/ur10e/ur_ws/install/ur10e_2fg7_moveit_config2
[2.778s] Invoking command in '/home/ur10e/ur_ws/build/ur10e_2fg7_moveit_config2': AMENT_PREFIX_PATH=/home/ur10e/ur_ws/install/ur10e_2fg7_description:${AMENT_PREFIX_PATH} CMAKE_PREFIX_PATH=/home/ur10e/ur_ws/install/ur10e_2fg7_description:/home/ur10e/ur_ws/install/ur_description:/home/ur10e/ur_ws/install/gazebo_ros2_control:/home/ur10e/ur_ws/install/ur_simulation_gazebo:/home/ur10e/ur_ws/install/ur_moveit_config:/home/ur10e/ur_ws/install/ur_bringup:/home/ur10e/ur_ws/install/ur_controllers:/home/ur10e/ur_ws/install/ur_dashboard_msgs:/home/ur10e/ur_ws/install/onrobot_2fg7_gripper_description:/home/ur10e/install/ur_simulation_gazebo:/home/ur10e/install/ur:/home/ur10e/install/ur_calibration:/home/ur10e/install/ur_robot_driver:/home/ur10e/install/ur_moveit_config:/home/ur10e/install/ur_bringup:/home/ur10e/install/ur10e_2fg7_moveit_config2:/home/ur10e/install/ur10e_2fg7_description:/home/ur10e/install/ur_description:/home/ur10e/install/ur_controllers:/home/ur10e/install/ur_dashboard_msgs:/home/ur10e/install/onrobot_2fg7_gripper_description:/home/ur10e/install/gazebo_ros2_control_demos:/home/ur10e/install/gazebo_ros2_control:/opt/ros/humble LD_LIBRARY_PATH=/home/ur10e/ur_ws/install/gazebo_ros2_control/lib:/home/ur10e/ur_ws/install/ur_controllers/lib:/home/ur10e/ur_ws/install/ur_dashboard_msgs/lib:/home/ur10e/install/ur_robot_driver/lib:/home/ur10e/install/ur_controllers/lib:/home/ur10e/install/ur_dashboard_msgs/lib:/home/ur10e/install/gazebo_ros2_control/lib:/usr/lib/x86_64-linux-gnu/gazebo-11/plugins:/opt/ros/humble/opt/rviz_ogre_vendor/lib:/opt/ros/humble/lib/x86_64-linux-gnu:/opt/ros/humble/lib:/usr/share/gazebo/../../lib/x86_64-linux-gnu/gazebo-11/plugins /usr/bin/cmake --build /home/ur10e/ur_ws/build/ur10e_2fg7_moveit_config2 -- -j8 -l8
[2.811s] Invoked command in '/home/ur10e/ur_ws/build/ur10e_2fg7_moveit_config2' returned '0': AMENT_PREFIX_PATH=/home/ur10e/ur_ws/install/ur10e_2fg7_description:${AMENT_PREFIX_PATH} CMAKE_PREFIX_PATH=/home/ur10e/ur_ws/install/ur10e_2fg7_description:/home/ur10e/ur_ws/install/ur_description:/home/ur10e/ur_ws/install/gazebo_ros2_control:/home/ur10e/ur_ws/install/ur_simulation_gazebo:/home/ur10e/ur_ws/install/ur_moveit_config:/home/ur10e/ur_ws/install/ur_bringup:/home/ur10e/ur_ws/install/ur_controllers:/home/ur10e/ur_ws/install/ur_dashboard_msgs:/home/ur10e/ur_ws/install/onrobot_2fg7_gripper_description:/home/ur10e/install/ur_simulation_gazebo:/home/ur10e/install/ur:/home/ur10e/install/ur_calibration:/home/ur10e/install/ur_robot_driver:/home/ur10e/install/ur_moveit_config:/home/ur10e/install/ur_bringup:/home/ur10e/install/ur10e_2fg7_moveit_config2:/home/ur10e/install/ur10e_2fg7_description:/home/ur10e/install/ur_description:/home/ur10e/install/ur_controllers:/home/ur10e/install/ur_dashboard_msgs:/home/ur10e/install/onrobot_2fg7_gripper_description:/home/ur10e/install/gazebo_ros2_control_demos:/home/ur10e/install/gazebo_ros2_control:/opt/ros/humble LD_LIBRARY_PATH=/home/ur10e/ur_ws/install/gazebo_ros2_control/lib:/home/ur10e/ur_ws/install/ur_controllers/lib:/home/ur10e/ur_ws/install/ur_dashboard_msgs/lib:/home/ur10e/install/ur_robot_driver/lib:/home/ur10e/install/ur_controllers/lib:/home/ur10e/install/ur_dashboard_msgs/lib:/home/ur10e/install/gazebo_ros2_control/lib:/usr/lib/x86_64-linux-gnu/gazebo-11/plugins:/opt/ros/humble/opt/rviz_ogre_vendor/lib:/opt/ros/humble/lib/x86_64-linux-gnu:/opt/ros/humble/lib:/usr/share/gazebo/../../lib/x86_64-linux-gnu/gazebo-11/plugins /usr/bin/cmake --build /home/ur10e/ur_ws/build/ur10e_2fg7_moveit_config2 -- -j8 -l8
[2.857s] Invoking command in '/home/ur10e/ur_ws/build/ur10e_2fg7_moveit_config2': AMENT_PREFIX_PATH=/home/ur10e/ur_ws/install/ur10e_2fg7_description:${AMENT_PREFIX_PATH} CMAKE_PREFIX_PATH=/home/ur10e/ur_ws/install/ur10e_2fg7_description:/home/ur10e/ur_ws/install/ur_description:/home/ur10e/ur_ws/install/gazebo_ros2_control:/home/ur10e/ur_ws/install/ur_simulation_gazebo:/home/ur10e/ur_ws/install/ur_moveit_config:/home/ur10e/ur_ws/install/ur_bringup:/home/ur10e/ur_ws/install/ur_controllers:/home/ur10e/ur_ws/install/ur_dashboard_msgs:/home/ur10e/ur_ws/install/onrobot_2fg7_gripper_description:/home/ur10e/install/ur_simulation_gazebo:/home/ur10e/install/ur:/home/ur10e/install/ur_calibration:/home/ur10e/install/ur_robot_driver:/home/ur10e/install/ur_moveit_config:/home/ur10e/install/ur_bringup:/home/ur10e/install/ur10e_2fg7_moveit_config2:/home/ur10e/install/ur10e_2fg7_description:/home/ur10e/install/ur_description:/home/ur10e/install/ur_controllers:/home/ur10e/install/ur_dashboard_msgs:/home/ur10e/install/onrobot_2fg7_gripper_description:/home/ur10e/install/gazebo_ros2_control_demos:/home/ur10e/install/gazebo_ros2_control:/opt/ros/humble LD_LIBRARY_PATH=/home/ur10e/ur_ws/install/gazebo_ros2_control/lib:/home/ur10e/ur_ws/install/ur_controllers/lib:/home/ur10e/ur_ws/install/ur_dashboard_msgs/lib:/home/ur10e/install/ur_robot_driver/lib:/home/ur10e/install/ur_controllers/lib:/home/ur10e/install/ur_dashboard_msgs/lib:/home/ur10e/install/gazebo_ros2_control/lib:/usr/lib/x86_64-linux-gnu/gazebo-11/plugins:/opt/ros/humble/opt/rviz_ogre_vendor/lib:/opt/ros/humble/lib/x86_64-linux-gnu:/opt/ros/humble/lib:/usr/share/gazebo/../../lib/x86_64-linux-gnu/gazebo-11/plugins /usr/bin/cmake --install /home/ur10e/ur_ws/build/ur10e_2fg7_moveit_config2
[2.863s] -- Install configuration: ""
[2.863s] -- Execute custom install script
[2.863s] -- Symlinking: /home/ur10e/ur_ws/install/ur10e_2fg7_moveit_config2/share/ament_index/resource_index/package_run_dependencies/ur10e_2fg7_moveit_config2
[2.876s] -- Symlinking: /home/ur10e/ur_ws/install/ur10e_2fg7_moveit_config2/share/ament_index/resource_index/parent_prefix_path/ur10e_2fg7_moveit_config2
[2.890s] -- Symlinking: /home/ur10e/ur_ws/install/ur10e_2fg7_moveit_config2/share/ur10e_2fg7_moveit_config2/environment/ament_prefix_path.sh
[2.908s] -- Symlinking: /home/ur10e/ur_ws/install/ur10e_2fg7_moveit_config2/share/ur10e_2fg7_moveit_config2/environment/ament_prefix_path.dsv
[2.920s] -- Symlinking: /home/ur10e/ur_ws/install/ur10e_2fg7_moveit_config2/share/ur10e_2fg7_moveit_config2/environment/path.sh
[2.932s] -- Symlinking: /home/ur10e/ur_ws/install/ur10e_2fg7_moveit_config2/share/ur10e_2fg7_moveit_config2/environment/path.dsv
[2.951s] -- Symlinking: /home/ur10e/ur_ws/install/ur10e_2fg7_moveit_config2/share/ur10e_2fg7_moveit_config2/local_setup.bash
[2.975s] -- Symlinking: /home/ur10e/ur_ws/install/ur10e_2fg7_moveit_config2/share/ur10e_2fg7_moveit_config2/local_setup.sh
[2.992s] -- Symlinking: /home/ur10e/ur_ws/install/ur10e_2fg7_moveit_config2/share/ur10e_2fg7_moveit_config2/local_setup.zsh
[3.010s] -- Symlinking: /home/ur10e/ur_ws/install/ur10e_2fg7_moveit_config2/share/ur10e_2fg7_moveit_config2/local_setup.dsv
[3.031s] -- Symlinking: /home/ur10e/ur_ws/install/ur10e_2fg7_moveit_config2/share/ur10e_2fg7_moveit_config2/package.dsv
[3.051s] -- Symlinking: /home/ur10e/ur_ws/install/ur10e_2fg7_moveit_config2/share/ament_index/resource_index/packages/ur10e_2fg7_moveit_config2
[3.084s] -- Symlinking: /home/ur10e/ur_ws/install/ur10e_2fg7_moveit_config2/share/ur10e_2fg7_moveit_config2/cmake/ur10e_2fg7_moveit_config2Config.cmake
[3.102s] -- Symlinking: /home/ur10e/ur_ws/install/ur10e_2fg7_moveit_config2/share/ur10e_2fg7_moveit_config2/cmake/ur10e_2fg7_moveit_config2Config-version.cmake
[3.123s] -- Symlinking: /home/ur10e/ur_ws/install/ur10e_2fg7_moveit_config2/share/ur10e_2fg7_moveit_config2/package.xml
[3.143s] -- Symlinking: /home/ur10e/ur_ws/install/ur10e_2fg7_moveit_config2/share/ur10e_2fg7_moveit_config2/launch/demo.launch.py
[3.165s] -- Symlinking: /home/ur10e/ur_ws/install/ur10e_2fg7_moveit_config2/share/ur10e_2fg7_moveit_config2/launch/move_group.launch.py
[3.187s] -- Symlinking: /home/ur10e/ur_ws/install/ur10e_2fg7_moveit_config2/share/ur10e_2fg7_moveit_config2/launch/moveit_rviz.launch.py
[3.209s] -- Symlinking: /home/ur10e/ur_ws/install/ur10e_2fg7_moveit_config2/share/ur10e_2fg7_moveit_config2/launch/rsp.launch.py
[3.214s] -- Symlinking: /home/ur10e/ur_ws/install/ur10e_2fg7_moveit_config2/share/ur10e_2fg7_moveit_config2/launch/setup_assistant.launch.py
[3.231s] -- Symlinking: /home/ur10e/ur_ws/install/ur10e_2fg7_moveit_config2/share/ur10e_2fg7_moveit_config2/launch/spawn_controllers.launch.py
[3.242s] -- Symlinking: /home/ur10e/ur_ws/install/ur10e_2fg7_moveit_config2/share/ur10e_2fg7_moveit_config2/launch/static_virtual_joint_tfs.launch.py
[3.272s] -- Symlinking: /home/ur10e/ur_ws/install/ur10e_2fg7_moveit_config2/share/ur10e_2fg7_moveit_config2/launch/warehouse_db.launch.py
[3.307s] -- Symlinking: /home/ur10e/ur_ws/install/ur10e_2fg7_moveit_config2/share/ur10e_2fg7_moveit_config2/config/initial_positions.yaml
[3.320s] -- Symlinking: /home/ur10e/ur_ws/install/ur10e_2fg7_moveit_config2/share/ur10e_2fg7_moveit_config2/config/joint_limits.yaml
[3.334s] -- Symlinking: /home/ur10e/ur_ws/install/ur10e_2fg7_moveit_config2/share/ur10e_2fg7_moveit_config2/config/kinematics.yaml
[3.350s] -- Symlinking: /home/ur10e/ur_ws/install/ur10e_2fg7_moveit_config2/share/ur10e_2fg7_moveit_config2/config/moveit.rviz
[3.371s] -- Symlinking: /home/ur10e/ur_ws/install/ur10e_2fg7_moveit_config2/share/ur10e_2fg7_moveit_config2/config/pilz_cartesian_limits.yaml
[3.391s] -- Symlinking: /home/ur10e/ur_ws/install/ur10e_2fg7_moveit_config2/share/ur10e_2fg7_moveit_config2/config/ros2_controllers.yaml
[3.406s] -- Symlinking: /home/ur10e/ur_ws/install/ur10e_2fg7_moveit_config2/share/ur10e_2fg7_moveit_config2/config/sensors_3d.yaml
[3.421s] -- Symlinking: /home/ur10e/ur_ws/install/ur10e_2fg7_moveit_config2/share/ur10e_2fg7_moveit_config2/config/ur10e_2fg7.ros2_control.xacro
[3.433s] -- Symlinking: /home/ur10e/ur_ws/install/ur10e_2fg7_moveit_config2/share/ur10e_2fg7_moveit_config2/config/ur10e_2fg7.srdf
[3.452s] -- Symlinking: /home/ur10e/ur_ws/install/ur10e_2fg7_moveit_config2/share/ur10e_2fg7_moveit_config2/config/ur10e_2fg7.urdf.xacro
[3.474s] -- Symlinking: /home/ur10e/ur_ws/install/ur10e_2fg7_moveit_config2/share/ur10e_2fg7_moveit_config2/.setup_assistant
[3.499s] Invoked command in '/home/ur10e/ur_ws/build/ur10e_2fg7_moveit_config2' returned '0': AMENT_PREFIX_PATH=/home/ur10e/ur_ws/install/ur10e_2fg7_description:${AMENT_PREFIX_PATH} CMAKE_PREFIX_PATH=/home/ur10e/ur_ws/install/ur10e_2fg7_description:/home/ur10e/ur_ws/install/ur_description:/home/ur10e/ur_ws/install/gazebo_ros2_control:/home/ur10e/ur_ws/install/ur_simulation_gazebo:/home/ur10e/ur_ws/install/ur_moveit_config:/home/ur10e/ur_ws/install/ur_bringup:/home/ur10e/ur_ws/install/ur_controllers:/home/ur10e/ur_ws/install/ur_dashboard_msgs:/home/ur10e/ur_ws/install/onrobot_2fg7_gripper_description:/home/ur10e/install/ur_simulation_gazebo:/home/ur10e/install/ur:/home/ur10e/install/ur_calibration:/home/ur10e/install/ur_robot_driver:/home/ur10e/install/ur_moveit_config:/home/ur10e/install/ur_bringup:/home/ur10e/install/ur10e_2fg7_moveit_config2:/home/ur10e/install/ur10e_2fg7_description:/home/ur10e/install/ur_description:/home/ur10e/install/ur_controllers:/home/ur10e/install/ur_dashboard_msgs:/home/ur10e/install/onrobot_2fg7_gripper_description:/home/ur10e/install/gazebo_ros2_control_demos:/home/ur10e/install/gazebo_ros2_control:/opt/ros/humble LD_LIBRARY_PATH=/home/ur10e/ur_ws/install/gazebo_ros2_control/lib:/home/ur10e/ur_ws/install/ur_controllers/lib:/home/ur10e/ur_ws/install/ur_dashboard_msgs/lib:/home/ur10e/install/ur_robot_driver/lib:/home/ur10e/install/ur_controllers/lib:/home/ur10e/install/ur_dashboard_msgs/lib:/home/ur10e/install/gazebo_ros2_control/lib:/usr/lib/x86_64-linux-gnu/gazebo-11/plugins:/opt/ros/humble/opt/rviz_ogre_vendor/lib:/opt/ros/humble/lib/x86_64-linux-gnu:/opt/ros/humble/lib:/usr/share/gazebo/../../lib/x86_64-linux-gnu/gazebo-11/plugins /usr/bin/cmake --install /home/ur10e/ur_ws/build/ur10e_2fg7_moveit_config2
