[0.019s] Invoking command in '/home/ur10e/ur_ws/build/onrobot_2fg7_gripper_description': CMAKE_PREFIX_PATH=${CMAKE_PREFIX_PATH}:/opt/ros/humble /usr/bin/cmake /home/ur10e/ur_ws/src/onrobot_2fg7_gripper_description -DAMENT_CMAKE_SYMLINK_INSTALL=1 -DCMAKE_INSTALL_PREFIX=/home/ur10e/ur_ws/install/onrobot_2fg7_gripper_description
[0.066s] -- The C compiler identification is GNU 11.4.0
[0.106s] -- The CXX compiler identification is GNU 11.4.0
[0.115s] -- Detecting C compiler ABI info
[0.178s] -- Detecting C compiler ABI info - done
[0.185s] -- Check for working C compiler: /usr/bin/cc - skipped
[0.185s] -- Detecting C compile features
[0.185s] -- Detecting C compile features - done
[0.188s] -- Detecting CXX compiler ABI info
[0.261s] -- Detecting CXX compiler ABI info - done
[0.269s] -- Check for working CXX compiler: /usr/bin/c++ - skipped
[0.269s] -- Detecting CXX compile features
[0.269s] -- Detecting CXX compile features - done
[0.272s] -- Found ament_cmake: 1.3.10 (/opt/ros/humble/share/ament_cmake/cmake)
[0.417s] -- Found Python3: /usr/bin/python3 (found version "3.10.12") found components: Interpreter 
[0.477s] -- Override CMake install command with custom implementation using symlinks instead of copying resources
[0.508s] -- Found urdf: 2.6.1 (/opt/ros/humble/share/urdf/cmake)
[0.560s] -- Found xacro: 2.0.8 (/opt/ros/humble/share/xacro/cmake)
[0.619s] -- Configuring done
[0.619s] -- Generating done
[0.621s] -- Build files have been written to: /home/ur10e/ur_ws/build/onrobot_2fg7_gripper_description
[0.630s] Invoked command in '/home/ur10e/ur_ws/build/onrobot_2fg7_gripper_description' returned '0': CMAKE_PREFIX_PATH=${CMAKE_PREFIX_PATH}:/opt/ros/humble /usr/bin/cmake /home/ur10e/ur_ws/src/onrobot_2fg7_gripper_description -DAMENT_CMAKE_SYMLINK_INSTALL=1 -DCMAKE_INSTALL_PREFIX=/home/ur10e/ur_ws/install/onrobot_2fg7_gripper_description
[0.630s] Invoking command in '/home/ur10e/ur_ws/build/onrobot_2fg7_gripper_description': CMAKE_PREFIX_PATH=${CMAKE_PREFIX_PATH}:/opt/ros/humble /usr/bin/cmake --build /home/ur10e/ur_ws/build/onrobot_2fg7_gripper_description -- -j8 -l8
[0.669s] Invoked command in '/home/ur10e/ur_ws/build/onrobot_2fg7_gripper_description' returned '0': CMAKE_PREFIX_PATH=${CMAKE_PREFIX_PATH}:/opt/ros/humble /usr/bin/cmake --build /home/ur10e/ur_ws/build/onrobot_2fg7_gripper_description -- -j8 -l8
[0.699s] Invoking command in '/home/ur10e/ur_ws/build/onrobot_2fg7_gripper_description': CMAKE_PREFIX_PATH=${CMAKE_PREFIX_PATH}:/opt/ros/humble /usr/bin/cmake --install /home/ur10e/ur_ws/build/onrobot_2fg7_gripper_description
[0.705s] -- Install configuration: ""
[0.706s] -- Execute custom install script
[0.707s] -- Symlinking: /home/ur10e/ur_ws/install/onrobot_2fg7_gripper_description/share/onrobot_2fg7_gripper_description/config/controller.yaml
[0.714s] -- Symlinking: /home/ur10e/ur_ws/install/onrobot_2fg7_gripper_description/share/onrobot_2fg7_gripper_description/launch/controller.launch
[0.721s] -- Symlinking: /home/ur10e/ur_ws/install/onrobot_2fg7_gripper_description/share/onrobot_2fg7_gripper_description/launch/controller.yaml
[0.730s] -- Symlinking: /home/ur10e/ur_ws/install/onrobot_2fg7_gripper_description/share/onrobot_2fg7_gripper_description/launch/display.launch
[0.739s] -- Symlinking: /home/ur10e/ur_ws/install/onrobot_2fg7_gripper_description/share/onrobot_2fg7_gripper_description/launch/display.launch.py
[0.748s] -- Symlinking: /home/ur10e/ur_ws/install/onrobot_2fg7_gripper_description/share/onrobot_2fg7_gripper_description/launch/gazebo.launch
[0.753s] -- Symlinking: /home/ur10e/ur_ws/install/onrobot_2fg7_gripper_description/share/onrobot_2fg7_gripper_description/launch/gazebo_control.launch
[0.761s] -- Symlinking: /home/ur10e/ur_ws/install/onrobot_2fg7_gripper_description/share/onrobot_2fg7_gripper_description/launch/gripper.rviz
[0.767s] -- Symlinking: /home/ur10e/ur_ws/install/onrobot_2fg7_gripper_description/share/onrobot_2fg7_gripper_description/launch/test_view.launch.py
[0.774s] -- Symlinking: /home/ur10e/ur_ws/install/onrobot_2fg7_gripper_description/share/onrobot_2fg7_gripper_description/launch/urdf.rviz
[0.781s] -- Symlinking: /home/ur10e/ur_ws/install/onrobot_2fg7_gripper_description/share/onrobot_2fg7_gripper_description/launch/view_gripper.launch.py
[0.788s] -- Symlinking: /home/ur10e/ur_ws/install/onrobot_2fg7_gripper_description/share/onrobot_2fg7_gripper_description/meshes/gripper_2fg7_base.stl
[0.804s] -- Symlinking: /home/ur10e/ur_ws/install/onrobot_2fg7_gripper_description/share/onrobot_2fg7_gripper_description/meshes/inwards/left_finger_link.stl
[0.818s] -- Symlinking: /home/ur10e/ur_ws/install/onrobot_2fg7_gripper_description/share/onrobot_2fg7_gripper_description/meshes/inwards/right_finger_link.stl
[0.825s] -- Symlinking: /home/ur10e/ur_ws/install/onrobot_2fg7_gripper_description/share/onrobot_2fg7_gripper_description/meshes/left_finger_link.stl
[0.832s] -- Symlinking: /home/ur10e/ur_ws/install/onrobot_2fg7_gripper_description/share/onrobot_2fg7_gripper_description/meshes/right_finger_link.stl
[0.841s] -- Symlinking: /home/ur10e/ur_ws/install/onrobot_2fg7_gripper_description/share/onrobot_2fg7_gripper_description/urdf/gzplugin_grasp_fix.urdf.xacro
[0.849s] -- Symlinking: /home/ur10e/ur_ws/install/onrobot_2fg7_gripper_description/share/onrobot_2fg7_gripper_description/urdf/materials.xacro
[0.856s] -- Symlinking: /home/ur10e/ur_ws/install/onrobot_2fg7_gripper_description/share/onrobot_2fg7_gripper_description/urdf/mimic_fix.urdf.xacro
[0.863s] -- Symlinking: /home/ur10e/ur_ws/install/onrobot_2fg7_gripper_description/share/onrobot_2fg7_gripper_description/urdf/onrobot_2fg7.gazebo
[0.871s] -- Symlinking: /home/ur10e/ur_ws/install/onrobot_2fg7_gripper_description/share/onrobot_2fg7_gripper_description/urdf/onrobot_2fg7.trans.xacro
[0.879s] -- Symlinking: /home/ur10e/ur_ws/install/onrobot_2fg7_gripper_description/share/onrobot_2fg7_gripper_description/urdf/onrobot_2fg7.xacro
[0.886s] -- Symlinking: /home/ur10e/ur_ws/install/onrobot_2fg7_gripper_description/share/onrobot_2fg7_gripper_description/urdf/onrobot_2fg7_upload.xacro
[0.894s] -- Symlinking: /home/ur10e/ur_ws/install/onrobot_2fg7_gripper_description/share/onrobot_2fg7_gripper_description/urdf/test_gripper.urdf.xacro
[0.901s] -- Symlinking: /home/ur10e/ur_ws/install/onrobot_2fg7_gripper_description/share/onrobot_2fg7_gripper_description/urdf/test_robot.urdf.xacro
[0.912s] -- Symlinking: /home/ur10e/ur_ws/install/onrobot_2fg7_gripper_description/share/onrobot_2fg7_gripper_description/urdf/test_xacro.py
[0.915s] -- Symlinking: /home/ur10e/ur_ws/install/onrobot_2fg7_gripper_description/share/ament_index/resource_index/package_run_dependencies/onrobot_2fg7_gripper_description
[0.925s] -- Symlinking: /home/ur10e/ur_ws/install/onrobot_2fg7_gripper_description/share/ament_index/resource_index/parent_prefix_path/onrobot_2fg7_gripper_description
[0.939s] -- Symlinking: /home/ur10e/ur_ws/install/onrobot_2fg7_gripper_description/share/onrobot_2fg7_gripper_description/environment/ament_prefix_path.sh
[0.946s] -- Symlinking: /home/ur10e/ur_ws/install/onrobot_2fg7_gripper_description/share/onrobot_2fg7_gripper_description/environment/ament_prefix_path.dsv
[0.954s] -- Symlinking: /home/ur10e/ur_ws/install/onrobot_2fg7_gripper_description/share/onrobot_2fg7_gripper_description/environment/path.sh
[0.962s] -- Symlinking: /home/ur10e/ur_ws/install/onrobot_2fg7_gripper_description/share/onrobot_2fg7_gripper_description/environment/path.dsv
[0.969s] -- Symlinking: /home/ur10e/ur_ws/install/onrobot_2fg7_gripper_description/share/onrobot_2fg7_gripper_description/local_setup.bash
[0.978s] -- Symlinking: /home/ur10e/ur_ws/install/onrobot_2fg7_gripper_description/share/onrobot_2fg7_gripper_description/local_setup.sh
[0.985s] -- Symlinking: /home/ur10e/ur_ws/install/onrobot_2fg7_gripper_description/share/onrobot_2fg7_gripper_description/local_setup.zsh
[0.994s] -- Symlinking: /home/ur10e/ur_ws/install/onrobot_2fg7_gripper_description/share/onrobot_2fg7_gripper_description/local_setup.dsv
[1.003s] -- Symlinking: /home/ur10e/ur_ws/install/onrobot_2fg7_gripper_description/share/onrobot_2fg7_gripper_description/package.dsv
[1.015s] -- Symlinking: /home/ur10e/ur_ws/install/onrobot_2fg7_gripper_description/share/ament_index/resource_index/packages/onrobot_2fg7_gripper_description
[1.020s] -- Symlinking: /home/ur10e/ur_ws/install/onrobot_2fg7_gripper_description/share/onrobot_2fg7_gripper_description/cmake/onrobot_2fg7_gripper_descriptionConfig.cmake
[1.030s] -- Symlinking: /home/ur10e/ur_ws/install/onrobot_2fg7_gripper_description/share/onrobot_2fg7_gripper_description/cmake/onrobot_2fg7_gripper_descriptionConfig-version.cmake
[1.037s] -- Symlinking: /home/ur10e/ur_ws/install/onrobot_2fg7_gripper_description/share/onrobot_2fg7_gripper_description/package.xml
[1.047s] Invoked command in '/home/ur10e/ur_ws/build/onrobot_2fg7_gripper_description' returned '0': CMAKE_PREFIX_PATH=${CMAKE_PREFIX_PATH}:/opt/ros/humble /usr/bin/cmake --install /home/ur10e/ur_ws/build/onrobot_2fg7_gripper_description
