[0.008s] Invoking command in '/home/ur10e/ur_ws/build/ur_controllers': CMAKE_PREFIX_PATH=/home/ur10e/ur_ws/install/ur_dashboard_msgs:/home/ur10e/install/ur_simulation_gazebo:/home/ur10e/install/ur:/home/ur10e/install/ur_calibration:/home/ur10e/install/ur_robot_driver:/home/ur10e/install/ur10e_2fg7_moveit_config2:/home/ur10e/install/gazebo_ros2_control_demos:/home/ur10e/install/gazebo_ros2_control:/home/ur10e/ur_ws/install/ur_simulation_gazebo:/home/ur10e/ur_ws/install/ur:/home/ur10e/ur_ws/install/ur_calibration:/home/ur10e/ur_ws/install/ur_robot_driver:/home/ur10e/ur_ws/install/ur_moveit_config:/home/ur10e/ur_ws/install/ur_bringup:/home/ur10e/ur_ws/install/ur10e_2fg7_moveit_config2:/home/ur10e/ur_ws/install/ur10e_2fg7_description:/home/ur10e/ur_ws/install/ur_description:/home/ur10e/ur_ws/install/ur_controllers:/home/ur10e/ur_ws/install/onrobot_2fg7_gripper_description:/home/ur10e/ur_ws/install/gazebo_ros2_control_demos:/home/ur10e/ur_ws/install/gazebo_ros2_control:/home/ur10e/install/ur_moveit_config:/home/ur10e/install/ur_bringup:/home/ur10e/install/ur10e_2fg7_description:/home/ur10e/install/ur_description:/home/ur10e/install/ur_controllers:/home/ur10e/install/ur_dashboard_msgs:/home/ur10e/install/onrobot_2fg7_gripper_description:/opt/ros/humble LD_LIBRARY_PATH=/home/ur10e/ur_ws/install/ur_dashboard_msgs/lib:/home/ur10e/install/ur_robot_driver/lib:/home/ur10e/install/gazebo_ros2_control/lib:/home/ur10e/ur_ws/install/ur_robot_driver/lib:/home/ur10e/ur_ws/install/ur_controllers/lib:/home/ur10e/ur_ws/install/gazebo_ros2_control/lib:/home/ur10e/install/ur_controllers/lib:/home/ur10e/install/ur_dashboard_msgs/lib:/usr/lib/x86_64-linux-gnu/gazebo-11/plugins:/opt/ros/humble/opt/rviz_ogre_vendor/lib:/opt/ros/humble/lib/x86_64-linux-gnu:/opt/ros/humble/lib:/usr/share/gazebo/../../lib/x86_64-linux-gnu/gazebo-11/plugins /usr/bin/cmake /home/ur10e/ur_ws/src/Universal_Robots_ROS2_Driver/ur_controllers -DAMENT_CMAKE_SYMLINK_INSTALL=1 -DCMAKE_INSTALL_PREFIX=/home/ur10e/ur_ws/install/ur_controllers
[0.056s] -- The C compiler identification is GNU 11.4.0
[0.109s] -- The CXX compiler identification is GNU 11.4.0
[0.116s] -- Detecting C compiler ABI info
[0.186s] -- Detecting C compiler ABI info - done
[0.189s] -- Check for working C compiler: /usr/bin/cc - skipped
[0.191s] -- Detecting C compile features
[0.191s] -- Detecting C compile features - done
[0.192s] -- Detecting CXX compiler ABI info
[0.260s] -- Detecting CXX compiler ABI info - done
[0.265s] -- Check for working CXX compiler: /usr/bin/c++ - skipped
[0.266s] -- Detecting CXX compile features
[0.266s] -- Detecting CXX compile features - done
[0.277s] -- Found ament_cmake: 1.3.10 (/opt/ros/humble/share/ament_cmake/cmake)
[0.415s] -- Found Python3: /usr/bin/python3 (found version "3.10.12") found components: Interpreter 
[0.472s] -- Override CMake install command with custom implementation using symlinks instead of copying resources
[0.507s] -- Found angles: 1.15.0 (/opt/ros/humble/share/angles/cmake)
[0.511s] -- Found controller_interface: 2.43.1 (/opt/ros/humble/share/controller_interface/cmake)
[0.556s] -- Found rosidl_generator_c: 3.1.5 (/opt/ros/humble/share/rosidl_generator_c/cmake)
[0.561s] -- Found rosidl_adapter: 3.1.5 (/opt/ros/humble/share/rosidl_adapter/cmake)
[0.570s] -- Found rosidl_generator_cpp: 3.1.5 (/opt/ros/humble/share/rosidl_generator_cpp/cmake)
[0.582s] -- Using all available rosidl_typesupport_c: rosidl_typesupport_fastrtps_c;rosidl_typesupport_introspection_c
[0.602s] -- Using all available rosidl_typesupport_cpp: rosidl_typesupport_fastrtps_cpp;rosidl_typesupport_introspection_cpp
[0.796s] -- Found rmw_implementation_cmake: 6.1.2 (/opt/ros/humble/share/rmw_implementation_cmake/cmake)
[0.801s] -- Found rmw_fastrtps_cpp: 6.2.7 (/opt/ros/humble/share/rmw_fastrtps_cpp/cmake)
[0.828s] -- Found TinyXML2 via Config file: TinyXML2_DIR-NOTFOUND
[0.874s] -- Found OpenSSL: /usr/lib/x86_64-linux-gnu/libcrypto.so (found version "3.0.2")  
[0.876s] -- Found TinyXML2 via Config file: TinyXML2_DIR-NOTFOUND
[0.889s] -- Found FastRTPS: /opt/ros/humble/include  
[0.891s] -- Found TinyXML2 via Config file: TinyXML2_DIR-NOTFOUND
[0.898s] -- Found TinyXML2 via Config file: TinyXML2_DIR-NOTFOUND
[0.909s] -- Using RMW implementation 'rmw_fastrtps_cpp' as default
[0.919s] -- Looking for pthread.h
[0.978s] -- Looking for pthread.h - found
[0.978s] -- Performing Test CMAKE_HAVE_LIBC_PTHREAD
[1.038s] -- Performing Test CMAKE_HAVE_LIBC_PTHREAD - Success
[1.038s] -- Found Threads: TRUE  
[1.084s] -- Found joint_trajectory_controller: 2.37.3 (/opt/ros/humble/share/joint_trajectory_controller/cmake)
[1.112s] -- Found parameter_traits: 0.3.9 (/opt/ros/humble/share/parameter_traits/cmake)
[1.142s] -- Found std_srvs: 4.2.4 (/opt/ros/humble/share/std_srvs/cmake)
[1.148s] -- Found ur_dashboard_msgs: 2.2.15 (/home/ur10e/ur_ws/install/ur_dashboard_msgs/share/ur_dashboard_msgs/cmake)
[1.162s] -- Found ur_msgs: 2.0.1 (/opt/ros/humble/share/ur_msgs/cmake)
[1.254s] -- Configuring done
[1.276s] -- Generating done
[1.277s] -- Build files have been written to: /home/ur10e/ur_ws/build/ur_controllers
[1.286s] Invoked command in '/home/ur10e/ur_ws/build/ur_controllers' returned '0': CMAKE_PREFIX_PATH=/home/ur10e/ur_ws/install/ur_dashboard_msgs:/home/ur10e/install/ur_simulation_gazebo:/home/ur10e/install/ur:/home/ur10e/install/ur_calibration:/home/ur10e/install/ur_robot_driver:/home/ur10e/install/ur10e_2fg7_moveit_config2:/home/ur10e/install/gazebo_ros2_control_demos:/home/ur10e/install/gazebo_ros2_control:/home/ur10e/ur_ws/install/ur_simulation_gazebo:/home/ur10e/ur_ws/install/ur:/home/ur10e/ur_ws/install/ur_calibration:/home/ur10e/ur_ws/install/ur_robot_driver:/home/ur10e/ur_ws/install/ur_moveit_config:/home/ur10e/ur_ws/install/ur_bringup:/home/ur10e/ur_ws/install/ur10e_2fg7_moveit_config2:/home/ur10e/ur_ws/install/ur10e_2fg7_description:/home/ur10e/ur_ws/install/ur_description:/home/ur10e/ur_ws/install/ur_controllers:/home/ur10e/ur_ws/install/onrobot_2fg7_gripper_description:/home/ur10e/ur_ws/install/gazebo_ros2_control_demos:/home/ur10e/ur_ws/install/gazebo_ros2_control:/home/ur10e/install/ur_moveit_config:/home/ur10e/install/ur_bringup:/home/ur10e/install/ur10e_2fg7_description:/home/ur10e/install/ur_description:/home/ur10e/install/ur_controllers:/home/ur10e/install/ur_dashboard_msgs:/home/ur10e/install/onrobot_2fg7_gripper_description:/opt/ros/humble LD_LIBRARY_PATH=/home/ur10e/ur_ws/install/ur_dashboard_msgs/lib:/home/ur10e/install/ur_robot_driver/lib:/home/ur10e/install/gazebo_ros2_control/lib:/home/ur10e/ur_ws/install/ur_robot_driver/lib:/home/ur10e/ur_ws/install/ur_controllers/lib:/home/ur10e/ur_ws/install/gazebo_ros2_control/lib:/home/ur10e/install/ur_controllers/lib:/home/ur10e/install/ur_dashboard_msgs/lib:/usr/lib/x86_64-linux-gnu/gazebo-11/plugins:/opt/ros/humble/opt/rviz_ogre_vendor/lib:/opt/ros/humble/lib/x86_64-linux-gnu:/opt/ros/humble/lib:/usr/share/gazebo/../../lib/x86_64-linux-gnu/gazebo-11/plugins /usr/bin/cmake /home/ur10e/ur_ws/src/Universal_Robots_ROS2_Driver/ur_controllers -DAMENT_CMAKE_SYMLINK_INSTALL=1 -DCMAKE_INSTALL_PREFIX=/home/ur10e/ur_ws/install/ur_controllers
[1.287s] Invoking command in '/home/ur10e/ur_ws/build/ur_controllers': CMAKE_PREFIX_PATH=/home/ur10e/ur_ws/install/ur_dashboard_msgs:/home/ur10e/install/ur_simulation_gazebo:/home/ur10e/install/ur:/home/ur10e/install/ur_calibration:/home/ur10e/install/ur_robot_driver:/home/ur10e/install/ur10e_2fg7_moveit_config2:/home/ur10e/install/gazebo_ros2_control_demos:/home/ur10e/install/gazebo_ros2_control:/home/ur10e/ur_ws/install/ur_simulation_gazebo:/home/ur10e/ur_ws/install/ur:/home/ur10e/ur_ws/install/ur_calibration:/home/ur10e/ur_ws/install/ur_robot_driver:/home/ur10e/ur_ws/install/ur_moveit_config:/home/ur10e/ur_ws/install/ur_bringup:/home/ur10e/ur_ws/install/ur10e_2fg7_moveit_config2:/home/ur10e/ur_ws/install/ur10e_2fg7_description:/home/ur10e/ur_ws/install/ur_description:/home/ur10e/ur_ws/install/ur_controllers:/home/ur10e/ur_ws/install/onrobot_2fg7_gripper_description:/home/ur10e/ur_ws/install/gazebo_ros2_control_demos:/home/ur10e/ur_ws/install/gazebo_ros2_control:/home/ur10e/install/ur_moveit_config:/home/ur10e/install/ur_bringup:/home/ur10e/install/ur10e_2fg7_description:/home/ur10e/install/ur_description:/home/ur10e/install/ur_controllers:/home/ur10e/install/ur_dashboard_msgs:/home/ur10e/install/onrobot_2fg7_gripper_description:/opt/ros/humble LD_LIBRARY_PATH=/home/ur10e/ur_ws/install/ur_dashboard_msgs/lib:/home/ur10e/install/ur_robot_driver/lib:/home/ur10e/install/gazebo_ros2_control/lib:/home/ur10e/ur_ws/install/ur_robot_driver/lib:/home/ur10e/ur_ws/install/ur_controllers/lib:/home/ur10e/ur_ws/install/gazebo_ros2_control/lib:/home/ur10e/install/ur_controllers/lib:/home/ur10e/install/ur_dashboard_msgs/lib:/usr/lib/x86_64-linux-gnu/gazebo-11/plugins:/opt/ros/humble/opt/rviz_ogre_vendor/lib:/opt/ros/humble/lib/x86_64-linux-gnu:/opt/ros/humble/lib:/usr/share/gazebo/../../lib/x86_64-linux-gnu/gazebo-11/plugins /usr/bin/cmake --build /home/ur10e/ur_ws/build/ur_controllers -- -j8 -l8
[1.336s] [ 11%] [34m[1mRunning `/opt/ros/humble/bin/generate_parameter_library_cpp /home/ur10e/ur_ws/build/ur_controllers/ur_configuration_controller_parameters/include//ur_configuration_controller_parameters.hpp /home/ur10e/ur_ws/src/Universal_Robots_ROS2_Driver/ur_controllers/src/ur_configuration_controller_parameters.yaml `[0m
[1.336s] [ 33%] [34m[1mRunning `/opt/ros/humble/bin/generate_parameter_library_cpp /home/ur10e/ur_ws/build/ur_controllers/scaled_joint_trajectory_controller_parameters/include//scaled_joint_trajectory_controller_parameters.hpp /home/ur10e/ur_ws/src/Universal_Robots_ROS2_Driver/ur_controllers/src/scaled_joint_trajectory_controller_parameters.yaml `[0m
[1.337s] [ 33%] [34m[1mRunning `/opt/ros/humble/bin/generate_parameter_library_cpp /home/ur10e/ur_ws/build/ur_controllers/speed_scaling_state_broadcaster_parameters/include//speed_scaling_state_broadcaster_parameters.hpp /home/ur10e/ur_ws/src/Universal_Robots_ROS2_Driver/ur_controllers/src/speed_scaling_state_broadcaster_parameters.yaml `[0m
[1.338s] [ 44%] [34m[1mRunning `/opt/ros/humble/bin/generate_parameter_library_cpp /home/ur10e/ur_ws/build/ur_controllers/gpio_controller_parameters/include//gpio_controller_parameters.hpp /home/ur10e/ur_ws/src/Universal_Robots_ROS2_Driver/ur_controllers/src/gpio_controller_parameters.yaml `[0m
[1.459s] [ 44%] Built target scaled_joint_trajectory_controller_parameters
[1.467s] [ 44%] Built target ur_configuration_controller_parameters
[1.480s] [ 44%] Built target gpio_controller_parameters
[1.490s] [ 44%] Built target speed_scaling_state_broadcaster_parameters
[1.511s] [ 55%] [32mBuilding CXX object CMakeFiles/ur_controllers.dir/src/gpio_controller.cpp.o[0m
[1.513s] [ 66%] [32mBuilding CXX object CMakeFiles/ur_controllers.dir/src/ur_configuration_controller.cpp.o[0m
[1.513s] [ 77%] [32mBuilding CXX object CMakeFiles/ur_controllers.dir/src/speed_scaling_state_broadcaster.cpp.o[0m
[1.513s] [ 88%] [32mBuilding CXX object CMakeFiles/ur_controllers.dir/src/scaled_joint_trajectory_controller.cpp.o[0m
[9.769s] [100%] [32m[1mLinking CXX shared library libur_controllers.so[0m
[10.503s] [100%] Built target ur_controllers
[10.516s] Invoked command in '/home/ur10e/ur_ws/build/ur_controllers' returned '0': CMAKE_PREFIX_PATH=/home/ur10e/ur_ws/install/ur_dashboard_msgs:/home/ur10e/install/ur_simulation_gazebo:/home/ur10e/install/ur:/home/ur10e/install/ur_calibration:/home/ur10e/install/ur_robot_driver:/home/ur10e/install/ur10e_2fg7_moveit_config2:/home/ur10e/install/gazebo_ros2_control_demos:/home/ur10e/install/gazebo_ros2_control:/home/ur10e/ur_ws/install/ur_simulation_gazebo:/home/ur10e/ur_ws/install/ur:/home/ur10e/ur_ws/install/ur_calibration:/home/ur10e/ur_ws/install/ur_robot_driver:/home/ur10e/ur_ws/install/ur_moveit_config:/home/ur10e/ur_ws/install/ur_bringup:/home/ur10e/ur_ws/install/ur10e_2fg7_moveit_config2:/home/ur10e/ur_ws/install/ur10e_2fg7_description:/home/ur10e/ur_ws/install/ur_description:/home/ur10e/ur_ws/install/ur_controllers:/home/ur10e/ur_ws/install/onrobot_2fg7_gripper_description:/home/ur10e/ur_ws/install/gazebo_ros2_control_demos:/home/ur10e/ur_ws/install/gazebo_ros2_control:/home/ur10e/install/ur_moveit_config:/home/ur10e/install/ur_bringup:/home/ur10e/install/ur10e_2fg7_description:/home/ur10e/install/ur_description:/home/ur10e/install/ur_controllers:/home/ur10e/install/ur_dashboard_msgs:/home/ur10e/install/onrobot_2fg7_gripper_description:/opt/ros/humble LD_LIBRARY_PATH=/home/ur10e/ur_ws/install/ur_dashboard_msgs/lib:/home/ur10e/install/ur_robot_driver/lib:/home/ur10e/install/gazebo_ros2_control/lib:/home/ur10e/ur_ws/install/ur_robot_driver/lib:/home/ur10e/ur_ws/install/ur_controllers/lib:/home/ur10e/ur_ws/install/gazebo_ros2_control/lib:/home/ur10e/install/ur_controllers/lib:/home/ur10e/install/ur_dashboard_msgs/lib:/usr/lib/x86_64-linux-gnu/gazebo-11/plugins:/opt/ros/humble/opt/rviz_ogre_vendor/lib:/opt/ros/humble/lib/x86_64-linux-gnu:/opt/ros/humble/lib:/usr/share/gazebo/../../lib/x86_64-linux-gnu/gazebo-11/plugins /usr/bin/cmake --build /home/ur10e/ur_ws/build/ur_controllers -- -j8 -l8
[10.546s] Invoking command in '/home/ur10e/ur_ws/build/ur_controllers': CMAKE_PREFIX_PATH=/home/ur10e/ur_ws/install/ur_dashboard_msgs:/home/ur10e/install/ur_simulation_gazebo:/home/ur10e/install/ur:/home/ur10e/install/ur_calibration:/home/ur10e/install/ur_robot_driver:/home/ur10e/install/ur10e_2fg7_moveit_config2:/home/ur10e/install/gazebo_ros2_control_demos:/home/ur10e/install/gazebo_ros2_control:/home/ur10e/ur_ws/install/ur_simulation_gazebo:/home/ur10e/ur_ws/install/ur:/home/ur10e/ur_ws/install/ur_calibration:/home/ur10e/ur_ws/install/ur_robot_driver:/home/ur10e/ur_ws/install/ur_moveit_config:/home/ur10e/ur_ws/install/ur_bringup:/home/ur10e/ur_ws/install/ur10e_2fg7_moveit_config2:/home/ur10e/ur_ws/install/ur10e_2fg7_description:/home/ur10e/ur_ws/install/ur_description:/home/ur10e/ur_ws/install/ur_controllers:/home/ur10e/ur_ws/install/onrobot_2fg7_gripper_description:/home/ur10e/ur_ws/install/gazebo_ros2_control_demos:/home/ur10e/ur_ws/install/gazebo_ros2_control:/home/ur10e/install/ur_moveit_config:/home/ur10e/install/ur_bringup:/home/ur10e/install/ur10e_2fg7_description:/home/ur10e/install/ur_description:/home/ur10e/install/ur_controllers:/home/ur10e/install/ur_dashboard_msgs:/home/ur10e/install/onrobot_2fg7_gripper_description:/opt/ros/humble LD_LIBRARY_PATH=/home/ur10e/ur_ws/install/ur_dashboard_msgs/lib:/home/ur10e/install/ur_robot_driver/lib:/home/ur10e/install/gazebo_ros2_control/lib:/home/ur10e/ur_ws/install/ur_robot_driver/lib:/home/ur10e/ur_ws/install/ur_controllers/lib:/home/ur10e/ur_ws/install/gazebo_ros2_control/lib:/home/ur10e/install/ur_controllers/lib:/home/ur10e/install/ur_dashboard_msgs/lib:/usr/lib/x86_64-linux-gnu/gazebo-11/plugins:/opt/ros/humble/opt/rviz_ogre_vendor/lib:/opt/ros/humble/lib/x86_64-linux-gnu:/opt/ros/humble/lib:/usr/share/gazebo/../../lib/x86_64-linux-gnu/gazebo-11/plugins /usr/bin/cmake --install /home/ur10e/ur_ws/build/ur_controllers
[10.554s] -- Install configuration: ""
[10.554s] -- Execute custom install script
[10.555s] -- Symlinking: /home/ur10e/ur_ws/install/ur_controllers/include/gpio_controller_parameters/gpio_controller_parameters.hpp
[10.561s] -- Symlinking: /home/ur10e/ur_ws/install/ur_controllers/include/speed_scaling_state_broadcaster_parameters/speed_scaling_state_broadcaster_parameters.hpp
[10.568s] -- Symlinking: /home/ur10e/ur_ws/install/ur_controllers/include/scaled_joint_trajectory_controller_parameters/scaled_joint_trajectory_controller_parameters.hpp
[10.575s] -- Symlinking: /home/ur10e/ur_ws/install/ur_controllers/include/ur_configuration_controller_parameters/ur_configuration_controller_parameters.hpp
[10.583s] -- Symlinking: /home/ur10e/ur_ws/install/ur_controllers/share/ur_controllers//controller_plugins.xml
[10.590s] -- Symlinking: /home/ur10e/ur_ws/install/ur_controllers/lib/libur_controllers.so
[10.597s] -- Symlinking: /home/ur10e/ur_ws/install/ur_controllers/include/ur_controllers/gpio_controller.hpp
[10.604s] -- Symlinking: /home/ur10e/ur_ws/install/ur_controllers/include/ur_controllers/scaled_joint_trajectory_controller.hpp
[10.610s] -- Symlinking: /home/ur10e/ur_ws/install/ur_controllers/include/ur_controllers/speed_scaling_state_broadcaster.hpp
[10.617s] -- Symlinking: /home/ur10e/ur_ws/install/ur_controllers/include/ur_controllers/ur_configuration_controller.hpp
[10.623s] -- Up-to-date symlink: /home/ur10e/ur_ws/install/ur_controllers/share/ur_controllers/controller_plugins.xml
[10.624s] -- Symlinking: /home/ur10e/ur_ws/install/ur_controllers/share/ur_controllers/environment/library_path.sh
[10.631s] -- Symlinking: /home/ur10e/ur_ws/install/ur_controllers/share/ur_controllers/environment/library_path.dsv
[10.637s] -- Symlinking: /home/ur10e/ur_ws/install/ur_controllers/share/ament_index/resource_index/package_run_dependencies/ur_controllers
[10.644s] -- Symlinking: /home/ur10e/ur_ws/install/ur_controllers/share/ament_index/resource_index/parent_prefix_path/ur_controllers
[10.650s] -- Symlinking: /home/ur10e/ur_ws/install/ur_controllers/share/ur_controllers/environment/ament_prefix_path.sh
[10.658s] -- Symlinking: /home/ur10e/ur_ws/install/ur_controllers/share/ur_controllers/environment/ament_prefix_path.dsv
[10.664s] -- Symlinking: /home/ur10e/ur_ws/install/ur_controllers/share/ur_controllers/environment/path.sh
[10.671s] -- Symlinking: /home/ur10e/ur_ws/install/ur_controllers/share/ur_controllers/environment/path.dsv
[10.677s] -- Symlinking: /home/ur10e/ur_ws/install/ur_controllers/share/ur_controllers/local_setup.bash
[10.684s] -- Symlinking: /home/ur10e/ur_ws/install/ur_controllers/share/ur_controllers/local_setup.sh
[10.691s] -- Symlinking: /home/ur10e/ur_ws/install/ur_controllers/share/ur_controllers/local_setup.zsh
[10.698s] -- Symlinking: /home/ur10e/ur_ws/install/ur_controllers/share/ur_controllers/local_setup.dsv
[10.705s] -- Symlinking: /home/ur10e/ur_ws/install/ur_controllers/share/ur_controllers/package.dsv
[10.712s] -- Symlinking: /home/ur10e/ur_ws/install/ur_controllers/share/ament_index/resource_index/packages/ur_controllers
[10.718s] -- Symlinking: /home/ur10e/ur_ws/install/ur_controllers/share/ament_index/resource_index/controller_interface__pluginlib__plugin/ur_controllers
[10.725s] -- Symlinking: /home/ur10e/ur_ws/install/ur_controllers/share/ur_controllers/cmake/ament_cmake_export_dependencies-extras.cmake
[10.732s] -- Symlinking: /home/ur10e/ur_ws/install/ur_controllers/share/ur_controllers/cmake/ament_cmake_export_include_directories-extras.cmake
[10.738s] -- Symlinking: /home/ur10e/ur_ws/install/ur_controllers/share/ur_controllers/cmake/ament_cmake_export_libraries-extras.cmake
[10.745s] -- Symlinking: /home/ur10e/ur_ws/install/ur_controllers/share/ur_controllers/cmake/ur_controllersConfig.cmake
[10.752s] -- Symlinking: /home/ur10e/ur_ws/install/ur_controllers/share/ur_controllers/cmake/ur_controllersConfig-version.cmake
[10.759s] -- Symlinking: /home/ur10e/ur_ws/install/ur_controllers/share/ur_controllers/package.xml
[10.767s] Invoked command in '/home/ur10e/ur_ws/build/ur_controllers' returned '0': CMAKE_PREFIX_PATH=/home/ur10e/ur_ws/install/ur_dashboard_msgs:/home/ur10e/install/ur_simulation_gazebo:/home/ur10e/install/ur:/home/ur10e/install/ur_calibration:/home/ur10e/install/ur_robot_driver:/home/ur10e/install/ur10e_2fg7_moveit_config2:/home/ur10e/install/gazebo_ros2_control_demos:/home/ur10e/install/gazebo_ros2_control:/home/ur10e/ur_ws/install/ur_simulation_gazebo:/home/ur10e/ur_ws/install/ur:/home/ur10e/ur_ws/install/ur_calibration:/home/ur10e/ur_ws/install/ur_robot_driver:/home/ur10e/ur_ws/install/ur_moveit_config:/home/ur10e/ur_ws/install/ur_bringup:/home/ur10e/ur_ws/install/ur10e_2fg7_moveit_config2:/home/ur10e/ur_ws/install/ur10e_2fg7_description:/home/ur10e/ur_ws/install/ur_description:/home/ur10e/ur_ws/install/ur_controllers:/home/ur10e/ur_ws/install/onrobot_2fg7_gripper_description:/home/ur10e/ur_ws/install/gazebo_ros2_control_demos:/home/ur10e/ur_ws/install/gazebo_ros2_control:/home/ur10e/install/ur_moveit_config:/home/ur10e/install/ur_bringup:/home/ur10e/install/ur10e_2fg7_description:/home/ur10e/install/ur_description:/home/ur10e/install/ur_controllers:/home/ur10e/install/ur_dashboard_msgs:/home/ur10e/install/onrobot_2fg7_gripper_description:/opt/ros/humble LD_LIBRARY_PATH=/home/ur10e/ur_ws/install/ur_dashboard_msgs/lib:/home/ur10e/install/ur_robot_driver/lib:/home/ur10e/install/gazebo_ros2_control/lib:/home/ur10e/ur_ws/install/ur_robot_driver/lib:/home/ur10e/ur_ws/install/ur_controllers/lib:/home/ur10e/ur_ws/install/gazebo_ros2_control/lib:/home/ur10e/install/ur_controllers/lib:/home/ur10e/install/ur_dashboard_msgs/lib:/usr/lib/x86_64-linux-gnu/gazebo-11/plugins:/opt/ros/humble/opt/rviz_ogre_vendor/lib:/opt/ros/humble/lib/x86_64-linux-gnu:/opt/ros/humble/lib:/usr/share/gazebo/../../lib/x86_64-linux-gnu/gazebo-11/plugins /usr/bin/cmake --install /home/ur10e/ur_ws/build/ur_controllers
