[0.087s] Invoking command in '/home/ur10e/ur_ws/build/ur_controllers': CMAKE_PREFIX_PATH=/home/ur10e/ur_ws/install/ur_dashboard_msgs:/home/ur10e/ur_ws/install/ur_simulation_gazebo:/home/ur10e/ur_ws/install/ur_moveit_config:/home/ur10e/ur_ws/install/ur_bringup:/home/ur10e/ur_ws/install/ur_description:/home/ur10e/ur_ws/install/ur_controllers:/home/ur10e/ur_ws/install/onrobot_2fg7_gripper_description:/home/ur10e/ur_ws/install/gazebo_ros2_control:/home/ur10e/install/ur_simulation_gazebo:/home/ur10e/install/ur:/home/ur10e/install/ur_calibration:/home/ur10e/install/ur_robot_driver:/home/ur10e/install/ur_moveit_config:/home/ur10e/install/ur_bringup:/home/ur10e/install/ur10e_2fg7_moveit_config2:/home/ur10e/install/ur10e_2fg7_description:/home/ur10e/install/ur_description:/home/ur10e/install/ur_controllers:/home/ur10e/install/ur_dashboard_msgs:/home/ur10e/install/onrobot_2fg7_gripper_description:/home/ur10e/install/gazebo_ros2_control_demos:/home/ur10e/install/gazebo_ros2_control:/opt/ros/humble LD_LIBRARY_PATH=/home/ur10e/ur_ws/install/ur_dashboard_msgs/lib:/home/ur10e/ur_ws/install/ur_controllers/lib:/home/ur10e/ur_ws/install/gazebo_ros2_control/lib:/home/ur10e/install/ur_robot_driver/lib:/home/ur10e/install/ur_controllers/lib:/home/ur10e/install/ur_dashboard_msgs/lib:/home/ur10e/install/gazebo_ros2_control/lib:/usr/lib/x86_64-linux-gnu/gazebo-11/plugins:/opt/ros/humble/opt/rviz_ogre_vendor/lib:/opt/ros/humble/lib/x86_64-linux-gnu:/opt/ros/humble/lib:/usr/share/gazebo/../../lib/x86_64-linux-gnu/gazebo-11/plugins /usr/bin/cmake --build /home/ur10e/ur_ws/build/ur_controllers -- -j8 -l8
[0.289s] [ 11%] Built target scaled_joint_trajectory_controller_parameters
[0.304s] [ 22%] Built target gpio_controller_parameters
[0.329s] [ 33%] Built target speed_scaling_state_broadcaster_parameters
[0.336s] [ 44%] Built target ur_configuration_controller_parameters
[0.454s] [35m[1mConsolidate compiler generated dependencies of target ur_controllers[0m
[0.537s] [100%] Built target ur_controllers
[0.600s] Invoked command in '/home/ur10e/ur_ws/build/ur_controllers' returned '0': CMAKE_PREFIX_PATH=/home/ur10e/ur_ws/install/ur_dashboard_msgs:/home/ur10e/ur_ws/install/ur_simulation_gazebo:/home/ur10e/ur_ws/install/ur_moveit_config:/home/ur10e/ur_ws/install/ur_bringup:/home/ur10e/ur_ws/install/ur_description:/home/ur10e/ur_ws/install/ur_controllers:/home/ur10e/ur_ws/install/onrobot_2fg7_gripper_description:/home/ur10e/ur_ws/install/gazebo_ros2_control:/home/ur10e/install/ur_simulation_gazebo:/home/ur10e/install/ur:/home/ur10e/install/ur_calibration:/home/ur10e/install/ur_robot_driver:/home/ur10e/install/ur_moveit_config:/home/ur10e/install/ur_bringup:/home/ur10e/install/ur10e_2fg7_moveit_config2:/home/ur10e/install/ur10e_2fg7_description:/home/ur10e/install/ur_description:/home/ur10e/install/ur_controllers:/home/ur10e/install/ur_dashboard_msgs:/home/ur10e/install/onrobot_2fg7_gripper_description:/home/ur10e/install/gazebo_ros2_control_demos:/home/ur10e/install/gazebo_ros2_control:/opt/ros/humble LD_LIBRARY_PATH=/home/ur10e/ur_ws/install/ur_dashboard_msgs/lib:/home/ur10e/ur_ws/install/ur_controllers/lib:/home/ur10e/ur_ws/install/gazebo_ros2_control/lib:/home/ur10e/install/ur_robot_driver/lib:/home/ur10e/install/ur_controllers/lib:/home/ur10e/install/ur_dashboard_msgs/lib:/home/ur10e/install/gazebo_ros2_control/lib:/usr/lib/x86_64-linux-gnu/gazebo-11/plugins:/opt/ros/humble/opt/rviz_ogre_vendor/lib:/opt/ros/humble/lib/x86_64-linux-gnu:/opt/ros/humble/lib:/usr/share/gazebo/../../lib/x86_64-linux-gnu/gazebo-11/plugins /usr/bin/cmake --build /home/ur10e/ur_ws/build/ur_controllers -- -j8 -l8
[0.728s] Invoking command in '/home/ur10e/ur_ws/build/ur_controllers': CMAKE_PREFIX_PATH=/home/ur10e/ur_ws/install/ur_dashboard_msgs:/home/ur10e/ur_ws/install/ur_simulation_gazebo:/home/ur10e/ur_ws/install/ur_moveit_config:/home/ur10e/ur_ws/install/ur_bringup:/home/ur10e/ur_ws/install/ur_description:/home/ur10e/ur_ws/install/ur_controllers:/home/ur10e/ur_ws/install/onrobot_2fg7_gripper_description:/home/ur10e/ur_ws/install/gazebo_ros2_control:/home/ur10e/install/ur_simulation_gazebo:/home/ur10e/install/ur:/home/ur10e/install/ur_calibration:/home/ur10e/install/ur_robot_driver:/home/ur10e/install/ur_moveit_config:/home/ur10e/install/ur_bringup:/home/ur10e/install/ur10e_2fg7_moveit_config2:/home/ur10e/install/ur10e_2fg7_description:/home/ur10e/install/ur_description:/home/ur10e/install/ur_controllers:/home/ur10e/install/ur_dashboard_msgs:/home/ur10e/install/onrobot_2fg7_gripper_description:/home/ur10e/install/gazebo_ros2_control_demos:/home/ur10e/install/gazebo_ros2_control:/opt/ros/humble LD_LIBRARY_PATH=/home/ur10e/ur_ws/install/ur_dashboard_msgs/lib:/home/ur10e/ur_ws/install/ur_controllers/lib:/home/ur10e/ur_ws/install/gazebo_ros2_control/lib:/home/ur10e/install/ur_robot_driver/lib:/home/ur10e/install/ur_controllers/lib:/home/ur10e/install/ur_dashboard_msgs/lib:/home/ur10e/install/gazebo_ros2_control/lib:/usr/lib/x86_64-linux-gnu/gazebo-11/plugins:/opt/ros/humble/opt/rviz_ogre_vendor/lib:/opt/ros/humble/lib/x86_64-linux-gnu:/opt/ros/humble/lib:/usr/share/gazebo/../../lib/x86_64-linux-gnu/gazebo-11/plugins /usr/bin/cmake --install /home/ur10e/ur_ws/build/ur_controllers
[0.742s] -- Install configuration: ""
[0.759s] -- Execute custom install script
[0.759s] -- Up-to-date symlink: /home/ur10e/ur_ws/install/ur_controllers/include/gpio_controller_parameters/gpio_controller_parameters.hpp
[0.759s] -- Up-to-date symlink: /home/ur10e/ur_ws/install/ur_controllers/include/speed_scaling_state_broadcaster_parameters/speed_scaling_state_broadcaster_parameters.hpp
[0.759s] -- Up-to-date symlink: /home/ur10e/ur_ws/install/ur_controllers/include/scaled_joint_trajectory_controller_parameters/scaled_joint_trajectory_controller_parameters.hpp
[0.759s] -- Up-to-date symlink: /home/ur10e/ur_ws/install/ur_controllers/include/ur_configuration_controller_parameters/ur_configuration_controller_parameters.hpp
[0.759s] -- Up-to-date symlink: /home/ur10e/ur_ws/install/ur_controllers/share/ur_controllers//controller_plugins.xml
[0.760s] -- Up-to-date symlink: /home/ur10e/ur_ws/install/ur_controllers/lib/libur_controllers.so
[0.760s] -- Up-to-date symlink: /home/ur10e/ur_ws/install/ur_controllers/include/ur_controllers/gpio_controller.hpp
[0.760s] -- Up-to-date symlink: /home/ur10e/ur_ws/install/ur_controllers/include/ur_controllers/scaled_joint_trajectory_controller.hpp
[0.760s] -- Up-to-date symlink: /home/ur10e/ur_ws/install/ur_controllers/include/ur_controllers/speed_scaling_state_broadcaster.hpp
[0.760s] -- Up-to-date symlink: /home/ur10e/ur_ws/install/ur_controllers/include/ur_controllers/ur_configuration_controller.hpp
[0.760s] -- Up-to-date symlink: /home/ur10e/ur_ws/install/ur_controllers/share/ur_controllers/controller_plugins.xml
[0.760s] -- Up-to-date symlink: /home/ur10e/ur_ws/install/ur_controllers/share/ur_controllers/environment/library_path.sh
[0.760s] -- Up-to-date symlink: /home/ur10e/ur_ws/install/ur_controllers/share/ur_controllers/environment/library_path.dsv
[0.760s] -- Up-to-date symlink: /home/ur10e/ur_ws/install/ur_controllers/share/ament_index/resource_index/package_run_dependencies/ur_controllers
[0.760s] -- Up-to-date symlink: /home/ur10e/ur_ws/install/ur_controllers/share/ament_index/resource_index/parent_prefix_path/ur_controllers
[0.760s] -- Up-to-date symlink: /home/ur10e/ur_ws/install/ur_controllers/share/ur_controllers/environment/ament_prefix_path.sh
[0.760s] -- Up-to-date symlink: /home/ur10e/ur_ws/install/ur_controllers/share/ur_controllers/environment/ament_prefix_path.dsv
[0.760s] -- Up-to-date symlink: /home/ur10e/ur_ws/install/ur_controllers/share/ur_controllers/environment/path.sh
[0.760s] -- Up-to-date symlink: /home/ur10e/ur_ws/install/ur_controllers/share/ur_controllers/environment/path.dsv
[0.760s] -- Up-to-date symlink: /home/ur10e/ur_ws/install/ur_controllers/share/ur_controllers/local_setup.bash
[0.760s] -- Up-to-date symlink: /home/ur10e/ur_ws/install/ur_controllers/share/ur_controllers/local_setup.sh
[0.760s] -- Up-to-date symlink: /home/ur10e/ur_ws/install/ur_controllers/share/ur_controllers/local_setup.zsh
[0.760s] -- Up-to-date symlink: /home/ur10e/ur_ws/install/ur_controllers/share/ur_controllers/local_setup.dsv
[0.760s] -- Symlinking: /home/ur10e/ur_ws/install/ur_controllers/share/ur_controllers/package.dsv
[0.795s] -- Up-to-date symlink: /home/ur10e/ur_ws/install/ur_controllers/share/ament_index/resource_index/packages/ur_controllers
[0.796s] -- Up-to-date symlink: /home/ur10e/ur_ws/install/ur_controllers/share/ament_index/resource_index/controller_interface__pluginlib__plugin/ur_controllers
[0.796s] -- Up-to-date symlink: /home/ur10e/ur_ws/install/ur_controllers/share/ur_controllers/cmake/ament_cmake_export_dependencies-extras.cmake
[0.796s] -- Up-to-date symlink: /home/ur10e/ur_ws/install/ur_controllers/share/ur_controllers/cmake/ament_cmake_export_include_directories-extras.cmake
[0.796s] -- Up-to-date symlink: /home/ur10e/ur_ws/install/ur_controllers/share/ur_controllers/cmake/ament_cmake_export_libraries-extras.cmake
[0.797s] -- Up-to-date symlink: /home/ur10e/ur_ws/install/ur_controllers/share/ur_controllers/cmake/ur_controllersConfig.cmake
[0.797s] -- Up-to-date symlink: /home/ur10e/ur_ws/install/ur_controllers/share/ur_controllers/cmake/ur_controllersConfig-version.cmake
[0.797s] -- Up-to-date symlink: /home/ur10e/ur_ws/install/ur_controllers/share/ur_controllers/package.xml
[0.799s] Invoked command in '/home/ur10e/ur_ws/build/ur_controllers' returned '0': CMAKE_PREFIX_PATH=/home/ur10e/ur_ws/install/ur_dashboard_msgs:/home/ur10e/ur_ws/install/ur_simulation_gazebo:/home/ur10e/ur_ws/install/ur_moveit_config:/home/ur10e/ur_ws/install/ur_bringup:/home/ur10e/ur_ws/install/ur_description:/home/ur10e/ur_ws/install/ur_controllers:/home/ur10e/ur_ws/install/onrobot_2fg7_gripper_description:/home/ur10e/ur_ws/install/gazebo_ros2_control:/home/ur10e/install/ur_simulation_gazebo:/home/ur10e/install/ur:/home/ur10e/install/ur_calibration:/home/ur10e/install/ur_robot_driver:/home/ur10e/install/ur_moveit_config:/home/ur10e/install/ur_bringup:/home/ur10e/install/ur10e_2fg7_moveit_config2:/home/ur10e/install/ur10e_2fg7_description:/home/ur10e/install/ur_description:/home/ur10e/install/ur_controllers:/home/ur10e/install/ur_dashboard_msgs:/home/ur10e/install/onrobot_2fg7_gripper_description:/home/ur10e/install/gazebo_ros2_control_demos:/home/ur10e/install/gazebo_ros2_control:/opt/ros/humble LD_LIBRARY_PATH=/home/ur10e/ur_ws/install/ur_dashboard_msgs/lib:/home/ur10e/ur_ws/install/ur_controllers/lib:/home/ur10e/ur_ws/install/gazebo_ros2_control/lib:/home/ur10e/install/ur_robot_driver/lib:/home/ur10e/install/ur_controllers/lib:/home/ur10e/install/ur_dashboard_msgs/lib:/home/ur10e/install/gazebo_ros2_control/lib:/usr/lib/x86_64-linux-gnu/gazebo-11/plugins:/opt/ros/humble/opt/rviz_ogre_vendor/lib:/opt/ros/humble/lib/x86_64-linux-gnu:/opt/ros/humble/lib:/usr/share/gazebo/../../lib/x86_64-linux-gnu/gazebo-11/plugins /usr/bin/cmake --install /home/ur10e/ur_ws/build/ur_controllers
